[Info  - 12:08:12.471] Reading sessions from keychain...
[Info  - 12:08:12.548] Getting sessions for all scopes...
[Info  - 12:08:12.549] Getting sessions for all scopes...
[Error  - 12:08:12.555] Getting token failed: Error: The name org.freedesktop.secrets was not provided by any .service files
[Info  - 12:08:12.555] Got 0 sessions for all scopes...
[Info  - 12:08:12.555] Got 0 sessions for all scopes...
[Info  - 12:08:18.898] Getting sessions for repo,workflow...
[Info  - 12:08:18.898] Got 0 sessions for repo,workflow...
[Info  - 12:08:23.878] Logging in for the following scopes: repo workflow
[Trace  - 12:08:34.599] Handling Uri...
[Info  - 12:08:34.600] Exchanging code for token...
[Info  - 12:08:35.514] Token exchange success!
[Info  - 12:08:35.515] Getting user info...
[Info  - 12:08:35.919] Got account info!
[Info  - 12:08:35.919] Storing 1 sessions...
[Error  - 12:08:36.616] Setting token failed: Error: The name org.freedesktop.secrets was not provided by any .service files
[Info  - 12:09:36.418] Stored 1 sessions!
[Info  - 12:09:36.419] Login success!
[Info  - 12:09:36.538] Getting sessions for all scopes...
[Info  - 12:09:36.538] Got 1 sessions for all scopes...
