Info 2021-12-07 20:43:19: Experimentation service retrieved: [object Object]
User belongs to experiment group 'jupyterTestcf'
User belongs to experiment group 'jupyterEnhancedDataViewer'
Info 2021-12-07 20:43:19: ZMQ install verified.
Info 2021-12-07 20:43:21: Experiment status for python is {"enabled":true,"optInto":[],"optOutFrom":[]}
Info 2021-12-07 20:43:23: Process Execution: > /bin/python3 -m pip list
> /bin/python3 -m pip list
Info 2021-12-07 20:43:23: Process Execution: > /bin/python3 -m pip list
> /bin/python3 -m pip list
Info 2021-12-07 20:43:23: Process Execution: > /bin/python3 -c "import jupyter"
> /bin/python3 -c "import jupyter"
Info 2021-12-07 20:43:23: Process Execution: > /bin/python3 -c "import jupyter"
> /bin/python3 -c "import jupyter"
Info 2021-12-07 20:43:23: Process Execution: > /bin/python3 -c "import notebook"
> /bin/python3 -c "import notebook"
Info 2021-12-07 20:43:23: Process Execution: > /bin/python3 -c "import notebook"
> /bin/python3 -c "import notebook"
Info 2021-12-07 23:02:30: Shutting down notebooks for ab15ac6f-096c-4675-8a58-02f8341a62a4
Info 2021-12-07 23:02:30: Disposing HostJupyterExecution 2bbce1e9-7d02-42f2-ad65-b3245d12c111
Info 2021-12-07 23:02:30: Disposing super HostJupyterExecution 2bbce1e9-7d02-42f2-ad65-b3245d12c111
Info 2021-12-07 23:02:30: Disposing HostJupyterExecution 2bbce1e9-7d02-42f2-ad65-b3245d12c111
Info 2021-12-07 23:02:30: Finished disposing HostJupyterExecution  2bbce1e9-7d02-42f2-ad65-b3245d12c111
Info 2021-12-07 23:02:30: Cleaning up server cache 2bbce1e9-7d02-42f2-ad65-b3245d12c111
Info 2021-12-07 23:02:30: Finished disposing HostJupyterExecution  2bbce1e9-7d02-42f2-ad65-b3245d12c111
