Info 2021-12-07 20:29:52: Experimentation service retrieved: [object Object]
User belongs to experiment group 'jupyterTestcf'
User belongs to experiment group 'jupyterEnhancedDataViewer'
Info 2021-12-07 20:29:52: ZMQ install verified.
Info 2021-12-07 20:29:53: Experiment status for python is {"enabled":true,"optInto":[],"optOutFrom":[]}
Info 2021-12-07 20:29:54: Process Execution: > /bin/python3 -c "import jupyter"
> /bin/python3 -c "import jupyter"
Info 2021-12-07 20:29:54: Process Execution: > /bin/python3 -c "import jupyter"
> /bin/python3 -c "import jupyter"
Info 2021-12-07 20:29:54: Process Execution: > /bin/python3 -m pip list
> /bin/python3 -m pip list
Info 2021-12-07 20:29:54: Process Execution: > /bin/python3 -m pip list
> /bin/python3 -m pip list
Info 2021-12-07 20:29:54: Process Execution: > /bin/python3 -c "import notebook"
> /bin/python3 -c "import notebook"
Info 2021-12-07 20:29:54: Process Execution: > /bin/python3 -c "import notebook"
> /bin/python3 -c "import notebook"
Info 2021-12-07 20:32:24: Shutting down notebooks for add3c3b8-ae19-48a3-a79f-bbe648eed7f5
Info 2021-12-07 20:32:24: Disposing HostJupyterExecution 96945199-6bbd-460b-b153-ff3a61265e80
Info 2021-12-07 20:32:24: Disposing super HostJupyterExecution 96945199-6bbd-460b-b153-ff3a61265e80
Info 2021-12-07 20:32:24: Disposing HostJupyterExecution 96945199-6bbd-460b-b153-ff3a61265e80
Info 2021-12-07 20:32:24: Finished disposing HostJupyterExecution  96945199-6bbd-460b-b153-ff3a61265e80
Info 2021-12-07 20:32:24: Cleaning up server cache 96945199-6bbd-460b-b153-ff3a61265e80
Info 2021-12-07 20:32:24: Finished disposing HostJupyterExecution  96945199-6bbd-460b-b153-ff3a61265e80
