[2021-11-16 18:44:56.690] [exthost] [info] extension host started
[2021-11-16 18:44:56.690] [exthost] [info] Skipping acquiring lock for /home/pi/.config/Code/User/workspaceStorage/a6a23638402a07baf2b4ea9ccbe97104.
[2021-11-16 18:44:57.516] [exthost] [info] ExtensionService#_doActivateExtension vscode.microsoft-authentication, startup: false, activationEvent: 'onAuthenticationRequest:microsoft'
[2021-11-16 18:44:57.516] [exthost] [info] ExtensionService#loadCommonJSModule file:///usr/share/code/resources/app/extensions/microsoft-authentication/dist/extension.js
[2021-11-16 18:44:57.578] [exthost] [info] ExtensionService#_doActivateExtension vscode.emmet, startup: false, activationEvent: 'onLanguage:html'
[2021-11-16 18:44:57.578] [exthost] [info] ExtensionService#loadCommonJSModule file:///usr/share/code/resources/app/extensions/emmet/dist/node/emmetNodeMain
[2021-11-16 18:44:57.619] [exthost] [info] ExtensionService#_doActivateExtension vscode.html-language-features, startup: false, activationEvent: 'onLanguage:html'
[2021-11-16 18:44:57.620] [exthost] [info] ExtensionService#loadCommonJSModule file:///usr/share/code/resources/app/extensions/html-language-features/client/dist/node/htmlClientMain
[2021-11-16 18:44:57.737] [exthost] [info] ExtensionService#_doActivateExtension ms-python.python, startup: false, activationEvent: 'onLanguage:python', root cause: ms-python.vscode-pylance
[2021-11-16 18:44:57.738] [exthost] [info] ExtensionService#loadCommonJSModule file:///home/pi/.vscode/extensions/ms-python.python-2021.11.1422169775/out/client/extension
[2021-11-16 18:44:58.220] [exthost] [info] ExtensionService#_doActivateExtension ms-toolsai.jupyter, startup: false, activationEvent: 'onLanguage:python'
[2021-11-16 18:44:58.221] [exthost] [info] ExtensionService#loadCommonJSModule file:///home/pi/.vscode/extensions/ms-toolsai.jupyter-2021.9.1101343141/out/client/extension
[2021-11-16 18:44:58.878] [exthost] [info] ExtensionService#_doActivateExtension vscode.debug-auto-launch, startup: true, activationEvent: '*'
[2021-11-16 18:44:58.878] [exthost] [info] ExtensionService#loadCommonJSModule file:///usr/share/code/resources/app/extensions/debug-auto-launch/dist/extension
[2021-11-16 18:44:58.893] [exthost] [info] ExtensionService#_doActivateExtension vscode.git, startup: true, activationEvent: '*', root cause: vscode.github
[2021-11-16 18:44:58.894] [exthost] [info] ExtensionService#loadCommonJSModule file:///usr/share/code/resources/app/extensions/git/dist/main
[2021-11-16 18:45:00.543] [exthost] [info] ExtensionService#_doActivateExtension vscode.github, startup: true, activationEvent: '*'
[2021-11-16 18:45:00.544] [exthost] [info] ExtensionService#loadCommonJSModule file:///usr/share/code/resources/app/extensions/github/dist/extension.js
[2021-11-16 18:45:01.967] [exthost] [info] ExtensionService#_doActivateExtension ms-toolsai.jupyter-renderers, startup: false, activationEvent: 'api', root cause: ms-toolsai.jupyter
[2021-11-16 18:45:01.967] [exthost] [info] ExtensionService#loadCommonJSModule file:///home/pi/.vscode/extensions/ms-toolsai.jupyter-renderers-1.0.3/out/extension_renderer/index.js
[2021-11-16 18:45:02.000] [exthost] [info] eager extensions activated
[2021-11-16 18:45:02.843] [exthost] [info] ExtensionService#_doActivateExtension ms-vscode.js-debug, startup: false, activationEvent: 'onCommand:extension.js-debug.clearAutoAttachVariables'
[2021-11-16 18:45:02.843] [exthost] [info] ExtensionService#loadCommonJSModule file:///usr/share/code/resources/app/extensions/ms-vscode.js-debug/src/extension.js
[2021-11-16 18:45:03.811] [exthost] [info] ExtensionService#_doActivateExtension vscode.merge-conflict, startup: false, activationEvent: 'onStartupFinished'
[2021-11-16 18:45:03.811] [exthost] [info] ExtensionService#loadCommonJSModule file:///usr/share/code/resources/app/extensions/merge-conflict/dist/mergeConflictMain
[2021-11-16 18:45:03.883] [exthost] [info] ExtensionService#_doActivateExtension ms-python.vscode-pylance, startup: false, activationEvent: 'onLanguage:python'
[2021-11-16 18:45:03.883] [exthost] [info] ExtensionService#loadCommonJSModule file:///home/pi/.vscode/extensions/ms-python.vscode-pylance-2021.11.1/dist/extension.bundle.js
[2021-11-16 18:45:05.300] [exthost] [info] ExtensionService#_doActivateExtension vscode.github-authentication, startup: false, activationEvent: 'onAuthenticationRequest:github'
[2021-11-16 18:45:05.300] [exthost] [info] ExtensionService#loadCommonJSModule file:///usr/share/code/resources/app/extensions/github-authentication/dist/extension.js
[2021-11-16 18:45:29.509] [exthost] [error] [ms-python.python] provider FAILED
[2021-11-16 18:45:29.510] [exthost] [error] Canceled: Canceled
	at S.makeCancelError (/home/pi/.vscode/extensions/ms-python.python-2021.11.1422169775/out/client/extension.js:9:151015)
	at S.handleFailedRequest (/home/pi/.vscode/extensions/ms-python.python-2021.11.1422169775/out/client/extension.js:9:150866)
	at /home/pi/.vscode/extensions/ms-python.python-2021.11.1422169775/out/client/extension.js:9:118727
	at runNextTicks (internal/process/task_queues.js:58:5)
	at processImmediate (internal/timers.js:434:9)
	at async T.provideCodeActions (/usr/share/code/resources/app/out/vs/workbench/services/extensions/node/extensionHostProcess.js:94:172403)
[2021-11-16 19:04:22.424] [exthost] [error] [ms-python.python] provider FAILED
[2021-11-16 19:04:22.425] [exthost] [error] Canceled: Canceled
	at S.makeCancelError (/home/pi/.vscode/extensions/ms-python.python-2021.11.1422169775/out/client/extension.js:9:151015)
	at S.handleFailedRequest (/home/pi/.vscode/extensions/ms-python.python-2021.11.1422169775/out/client/extension.js:9:150866)
	at /home/pi/.vscode/extensions/ms-python.python-2021.11.1422169775/out/client/extension.js:9:111208
	at async s.provideHover (/usr/share/code/resources/app/out/vs/workbench/services/extensions/node/extensionHostProcess.js:94:170095)
[2021-11-16 19:04:22.680] [exthost] [error] [ms-python.python] provider FAILED
[2021-11-16 19:04:22.681] [exthost] [error] Canceled: Canceled
	at S.makeCancelError (/home/pi/.vscode/extensions/ms-python.python-2021.11.1422169775/out/client/extension.js:9:151015)
	at S.handleFailedRequest (/home/pi/.vscode/extensions/ms-python.python-2021.11.1422169775/out/client/extension.js:9:150866)
	at /home/pi/.vscode/extensions/ms-python.python-2021.11.1422169775/out/client/extension.js:9:111208
	at async s.provideHover (/usr/share/code/resources/app/out/vs/workbench/services/extensions/node/extensionHostProcess.js:94:170095)
[2021-11-16 19:17:22.005] [exthost] [error] [ms-python.python] provider FAILED
[2021-11-16 19:17:22.006] [exthost] [error] Canceled: Canceled
	at S.makeCancelError (/home/pi/.vscode/extensions/ms-python.python-2021.11.1422169775/out/client/extension.js:9:151015)
	at S.handleFailedRequest (/home/pi/.vscode/extensions/ms-python.python-2021.11.1422169775/out/client/extension.js:9:150866)
	at /home/pi/.vscode/extensions/ms-python.python-2021.11.1422169775/out/client/extension.js:9:111208
	at async s.provideHover (/usr/share/code/resources/app/out/vs/workbench/services/extensions/node/extensionHostProcess.js:94:170095)
[2021-11-16 19:25:47.878] [exthost] [error] [ms-python.python] provider FAILED
[2021-11-16 19:25:47.879] [exthost] [error] Canceled: Canceled
	at S.makeCancelError (/home/pi/.vscode/extensions/ms-python.python-2021.11.1422169775/out/client/extension.js:9:151015)
	at S.handleFailedRequest (/home/pi/.vscode/extensions/ms-python.python-2021.11.1422169775/out/client/extension.js:9:150866)
	at /home/pi/.vscode/extensions/ms-python.python-2021.11.1422169775/out/client/extension.js:9:111208
	at async s.provideHover (/usr/share/code/resources/app/out/vs/workbench/services/extensions/node/extensionHostProcess.js:94:170095)
[2021-11-16 19:26:10.070] [exthost] [error] [ms-python.python] provider FAILED
[2021-11-16 19:26:10.071] [exthost] [error] Canceled: Canceled
	at S.makeCancelError (/home/pi/.vscode/extensions/ms-python.python-2021.11.1422169775/out/client/extension.js:9:151015)
	at S.handleFailedRequest (/home/pi/.vscode/extensions/ms-python.python-2021.11.1422169775/out/client/extension.js:9:150866)
	at /home/pi/.vscode/extensions/ms-python.python-2021.11.1422169775/out/client/extension.js:9:111208
	at async s.provideHover (/usr/share/code/resources/app/out/vs/workbench/services/extensions/node/extensionHostProcess.js:94:170095)
[2021-11-16 19:47:07.234] [exthost] [info] extension host terminating: renderer closed the socket
[2021-11-16 19:47:08.308] [exthost] [info] exiting with code 0
