[Info  - 오후 6:59:35] Pylance language server 2021.11.2 (pyright b27108d5) starting
[Info  - 오후 6:59:35] Server root directory: /home/pi/.vscode/extensions/ms-python.vscode-pylance-2021.11.2/dist
[Info  - 오후 6:59:35] No configuration file found.
[Info  - 오후 6:59:35] No pyproject.toml file found.
[Info  - 오후 6:59:35] Setting pythonPath for service "gpio": "/bin/python3"
[Warn  - 오후 6:59:35] stubPath /home/pi/class/gpio/typings is not a valid directory.
[Info  - 오후 6:59:35] Assuming Python version 3.7
[Info  - 오후 6:59:35] Assuming Python platform Linux
[Warn  - 오후 6:59:37] Exception received when installing file system watcher: TypeError [ERR_FEATURE_UNAVAILABLE_ON_PLATFORM]: The feature watch recursively is unavailable on the current platform, which is being used to run Node.js
[Warn  - 오후 6:59:37] Exception received when installing file system watcher: TypeError [ERR_FEATURE_UNAVAILABLE_ON_PLATFORM]: The feature watch recursively is unavailable on the current platform, which is being used to run Node.js
[Warn  - 오후 6:59:37] Exception received when installing file system watcher: TypeError [ERR_FEATURE_UNAVAILABLE_ON_PLATFORM]: The feature watch recursively is unavailable on the current platform, which is being used to run Node.js
[Warn  - 오후 6:59:37] Exception received when installing file system watcher: TypeError [ERR_FEATURE_UNAVAILABLE_ON_PLATFORM]: The feature watch recursively is unavailable on the current platform, which is being used to run Node.js
[Warn  - 오후 6:59:37] Exception received when installing file system watcher: TypeError [ERR_FEATURE_UNAVAILABLE_ON_PLATFORM]: The feature watch recursively is unavailable on the current platform, which is being used to run Node.js
[Info  - 오후 6:59:37] Searching for source files
[Info  - 오후 6:59:37] Found 34 source files
[Info  - 오후 6:59:37] Background analysis(1) root directory: /home/pi/.vscode/extensions/ms-python.vscode-pylance-2021.11.2/dist
[Info  - 오후 6:59:37] Background analysis(1) started
[Info  - 오후 7:05:27] Searching for source files
[Info  - 오후 7:05:27] Found 34 source files
[Info  - 오후 7:05:34] Searching for source files
[Info  - 오후 7:05:34] Found 34 source files
[Info  - 오후 8:09:36] Searching for source files
[Info  - 오후 8:09:36] Found 34 source files
