[2021-12-08 16:08:17.661] [exthost] [info] Extension host with pid 13524 started
[2021-12-08 16:08:17.907] [exthost] [info] ExtensionService#_doActivateExtension vscode.microsoft-authentication, startup: false, activationEvent: 'onAuthenticationRequest:microsoft'
[2021-12-08 16:08:17.961] [exthost] [info] ExtensionService#_doActivateExtension vscode.debug-auto-launch, startup: true, activationEvent: '*'
[2021-12-08 16:08:17.970] [exthost] [info] ExtensionService#_doActivateExtension vscode.git, startup: true, activationEvent: '*', root cause: vscode.github
[2021-12-08 16:08:18.765] [exthost] [info] ExtensionService#_doActivateExtension vscode.github, startup: true, activationEvent: '*'
[2021-12-08 16:08:18.839] [exthost] [info] Eager extensions activated
[2021-12-08 16:08:18.908] [exthost] [info] ExtensionService#_doActivateExtension vscode.merge-conflict, startup: false, activationEvent: 'onStartupFinished'
[2021-12-08 16:08:19.013] [exthost] [info] ExtensionService#_doActivateExtension vscode.github-authentication, startup: false, activationEvent: 'onAuthenticationRequest:github'
[2021-12-08 16:08:29.542] [exthost] [info] extension host terminating: renderer closed the socket
[2021-12-08 16:08:30.559] [exthost] [info] Extension host with pid 13524 exiting with code 0
[2021-12-08 16:08:36.913] [exthost] [info] Extension host with pid 13573 started
[2021-12-08 16:08:36.913] [exthost] [info] Skipping acquiring lock for /home/pi/.config/Code/User/workspaceStorage/80501193d1af665e3c56fcbeb7e5e558.
[2021-12-08 16:08:37.392] [exthost] [info] ExtensionService#_doActivateExtension vscode.microsoft-authentication, startup: false, activationEvent: 'onAuthenticationRequest:microsoft'
[2021-12-08 16:08:37.423] [exthost] [info] ExtensionService#_doActivateExtension vscode.debug-auto-launch, startup: true, activationEvent: '*'
[2021-12-08 16:08:37.432] [exthost] [info] ExtensionService#_doActivateExtension vscode.git, startup: true, activationEvent: '*', root cause: vscode.github
[2021-12-08 16:08:37.909] [exthost] [info] ExtensionService#_doActivateExtension vscode.github, startup: true, activationEvent: '*'
[2021-12-08 16:08:38.025] [exthost] [info] Eager extensions activated
[2021-12-08 16:08:38.381] [exthost] [info] ExtensionService#_doActivateExtension vscode.merge-conflict, startup: false, activationEvent: 'onStartupFinished'
[2021-12-08 16:08:38.451] [exthost] [info] ExtensionService#_doActivateExtension vscode.github-authentication, startup: false, activationEvent: 'onAuthenticationRequest:github'
[2021-12-08 16:08:39.428] [exthost] [warning] [Decorations] CAPPING events from decorations provider vscode.git 4787
