[Info  - 11:43:22.883] Reading sessions from keychain...
[Info  - 11:43:23.27] Getting sessions for all scopes...
[Error  - 11:43:23.320] Getting token failed: Error: The name org.freedesktop.secrets was not provided by any .service files
[Info  - 11:43:23.321] Got 0 sessions for all scopes...
[Info  - 11:43:23.569] Getting sessions for all scopes...
[Info  - 11:43:23.569] Got 0 sessions for all scopes...
[Info  - 11:44:20.342] Getting sessions for repo,workflow...
[Info  - 11:44:20.342] Got 0 sessions for repo,workflow...
[Info  - 11:44:27.241] Logging in for the following scopes: repo workflow
[Trace  - 11:44:49.333] Handling Uri...
[Info  - 11:44:49.334] Exchanging code for token...
[Info  - 11:44:50.300] Token exchange success!
[Info  - 11:44:50.301] Getting user info...
[Info  - 11:44:50.729] Got account info!
[Info  - 11:44:50.730] Storing 1 sessions...
[Error  - 11:44:51.448] Setting token failed: Error: The name org.freedesktop.secrets was not provided by any .service files
[Info  - 11:54:15.897] Stored 1 sessions!
[Info  - 11:54:15.897] Login success!
[Info  - 11:54:15.931] Getting sessions for all scopes...
[Info  - 11:54:15.932] Got 1 sessions for all scopes...
[Info  - 11:54:18.881] Getting sessions for repo,workflow...
[Info  - 11:54:18.882] Got 1 sessions for repo,workflow...
[Info  - 11:55:05.474] Getting sessions for repo,workflow...
[Info  - 11:55:05.475] Got 1 sessions for repo,workflow...
