Info 2021-12-08 15:34:30: Experimentation service retrieved: [object Object]
User belongs to experiment group 'jupyterTestcf'
User belongs to experiment group 'jupyterEnhancedDataViewer'
Info 2021-12-08 15:34:30: ZMQ install verified.
Info 2021-12-08 15:34:42: Experiment status for python is {"enabled":true,"optInto":[],"optOutFrom":[]}
Info 2021-12-08 15:34:45: Process Execution: > /bin/python3 -m pip list
> /bin/python3 -m pip list
Info 2021-12-08 15:34:45: Process Execution: > /bin/python3 -m pip list
> /bin/python3 -m pip list
Info 2021-12-08 15:34:45: Process Execution: > /bin/python3 -c "import jupyter"
> /bin/python3 -c "import jupyter"
Info 2021-12-08 15:34:45: Process Execution: > /bin/python3 -c "import jupyter"
> /bin/python3 -c "import jupyter"
Info 2021-12-08 15:34:45: Process Execution: > /bin/python3 -c "import notebook"
> /bin/python3 -c "import notebook"
Info 2021-12-08 15:34:45: Process Execution: > /bin/python3 -c "import notebook"
> /bin/python3 -c "import notebook"
Info 2021-12-08 15:42:32: Shutting down notebooks for d3005a78-546e-48af-856f-5cdc2a48dc79
Info 2021-12-08 15:42:32: Disposing HostJupyterExecution f21d17c7-3d80-438c-b486-73c970bfe16a
Info 2021-12-08 15:42:32: Disposing super HostJupyterExecution f21d17c7-3d80-438c-b486-73c970bfe16a
Info 2021-12-08 15:42:32: Disposing HostJupyterExecution f21d17c7-3d80-438c-b486-73c970bfe16a
Info 2021-12-08 15:42:32: Finished disposing HostJupyterExecution  f21d17c7-3d80-438c-b486-73c970bfe16a
Info 2021-12-08 15:42:32: Cleaning up server cache f21d17c7-3d80-438c-b486-73c970bfe16a
Info 2021-12-08 15:42:32: Finished disposing HostJupyterExecution  f21d17c7-3d80-438c-b486-73c970bfe16a
