[2021-12-08 15:45:19.564] [renderer1] [info] Starting extension host with pid 10814.
[2021-12-08 15:45:19.567] [renderer1] [info] [LocalProcessExtensionHost]: IExtensionHostStarter.start() took 106 ms.
[2021-12-08 15:45:20.157] [renderer1] [error] Error: 파일 '/home/pi/class/gpio/flask/finalExam.py'(Error: 존재하지 않는 파일 '/home/pi/class/gpio/flask/finalExam.py'을(를) 확인할 수 없습니다.)을(를) 읽을 수 없음
    at i.handleSetInputError (vscode-file://vscode-app/usr/share/code/resources/app/out/vs/workbench/workbench.desktop.main.js:2342:143410)
    at i.handleSetInputError (vscode-file://vscode-app/usr/share/code/resources/app/out/vs/workbench/workbench.desktop.main.js:2342:147201)
    at i.setInput (vscode-file://vscode-app/usr/share/code/resources/app/out/vs/workbench/workbench.desktop.main.js:2342:143104)
    at async n.doSetInput (vscode-file://vscode-app/usr/share/code/resources/app/out/vs/workbench/workbench.desktop.main.js:2342:34632)
    at async n.doOpenEditor (vscode-file://vscode-app/usr/share/code/resources/app/out/vs/workbench/workbench.desktop.main.js:2342:33032)
    at async n.openEditor (vscode-file://vscode-app/usr/share/code/resources/app/out/vs/workbench/workbench.desktop.main.js:2342:32680)
    at async vscode-file://vscode-app/usr/share/code/resources/app/out/vs/workbench/workbench.desktop.main.js:2544:16967
[2021-12-08 15:45:21.222] [renderer1] [error] [Extension Host] (node:10814) [DEP0005] DeprecationWarning: Buffer() is deprecated due to security and usability issues. Please use the Buffer.alloc(), Buffer.allocUnsafe(), or Buffer.from() methods instead.
(Use `code --trace-deprecation ...` to show where the warning was created)
[2021-12-08 15:45:30.173] [renderer1] [info] Webgl lost context, disposing of webgl renderer
[2021-12-08 15:45:42.481] [renderer1] [warning] Webgl could not be loaded. Falling back to the canvas renderer type. {}
[2021-12-08 15:46:21.893] [renderer1] [error] Error: 파일 '/home/pi/class/gpio/flask/finalExam.py'(Error: 존재하지 않는 파일 '/home/pi/class/gpio/flask/finalExam.py'을(를) 확인할 수 없습니다.)을(를) 읽을 수 없음
    at i.handleSetInputError (vscode-file://vscode-app/usr/share/code/resources/app/out/vs/workbench/workbench.desktop.main.js:2342:143410)
    at i.handleSetInputError (vscode-file://vscode-app/usr/share/code/resources/app/out/vs/workbench/workbench.desktop.main.js:2342:147201)
    at i.setInput (vscode-file://vscode-app/usr/share/code/resources/app/out/vs/workbench/workbench.desktop.main.js:2342:143104)
    at async n.doSetInput (vscode-file://vscode-app/usr/share/code/resources/app/out/vs/workbench/workbench.desktop.main.js:2342:34632)
    at async n.doOpenEditor (vscode-file://vscode-app/usr/share/code/resources/app/out/vs/workbench/workbench.desktop.main.js:2342:33032)
    at async n.openEditor (vscode-file://vscode-app/usr/share/code/resources/app/out/vs/workbench/workbench.desktop.main.js:2342:32680)
    at async vscode-file://vscode-app/usr/share/code/resources/app/out/vs/workbench/workbench.desktop.main.js:2544:16967
[2021-12-08 15:46:25.455] [renderer1] [error] Error: 파일 '/home/pi/class/gpio/flask/finalExam.py'(Error: 존재하지 않는 파일 '/home/pi/class/gpio/flask/finalExam.py'을(를) 확인할 수 없습니다.)을(를) 읽을 수 없음
    at i.handleSetInputError (vscode-file://vscode-app/usr/share/code/resources/app/out/vs/workbench/workbench.desktop.main.js:2342:143410)
    at i.handleSetInputError (vscode-file://vscode-app/usr/share/code/resources/app/out/vs/workbench/workbench.desktop.main.js:2342:147201)
    at i.setInput (vscode-file://vscode-app/usr/share/code/resources/app/out/vs/workbench/workbench.desktop.main.js:2342:143104)
    at async n.doSetInput (vscode-file://vscode-app/usr/share/code/resources/app/out/vs/workbench/workbench.desktop.main.js:2342:34632)
    at async n.doOpenEditor (vscode-file://vscode-app/usr/share/code/resources/app/out/vs/workbench/workbench.desktop.main.js:2342:33032)
    at async n.openEditor (vscode-file://vscode-app/usr/share/code/resources/app/out/vs/workbench/workbench.desktop.main.js:2342:32680)
    at async vscode-file://vscode-app/usr/share/code/resources/app/out/vs/workbench/workbench.desktop.main.js:2544:16967
[2021-12-08 16:00:46.199] [renderer1] [info] Enabling inspect port on extension host with pid 10814.
[2021-12-08 16:00:56.617] [renderer1] [warning] UNRESPONSIVE extension host, 'vscode.git' took 75% of 5585.071ms, saved PROFILE here: 'file:///tmp/exthost-04ae97.cpuprofile' [{"id":"gc","total":174933,"percentage":3},{"id":"ms-python.python","total":9468,"percentage":0},{"id":"ms-toolsai.jupyter","total":19390,"percentage":0},{"id":"program","total":523794,"percentage":9},{"id":"self","total":647308,"percentage":12},{"id":"vscode.git","total":4199376,"percentage":75},{"id":"vscode.merge-conflict","total":10260,"percentage":0}]
[2021-12-08 16:01:31.390] [renderer1] [warning] UNRESPONSIVE extension host, 'vscode.git' took 80% of 5281.664ms, saved PROFILE here: 'file:///tmp/exthost-cfd5ba.cpuprofile' [{"id":"gc","total":165035,"percentage":3},{"id":"ms-python.python","total":36450,"percentage":1},{"id":"ms-toolsai.jupyter","total":4823,"percentage":0},{"id":"program","total":174885,"percentage":3},{"id":"self","total":692468,"percentage":13},{"id":"vscode.git","total":4206342,"percentage":80},{"id":"vscode.merge-conflict","total":1169,"percentage":0}]
[2021-12-08 16:03:11.043] [renderer1] [warning] UNRESPONSIVE extension host, 'vscode.git' took 72% of 4993.127ms, saved PROFILE here: 'file:///tmp/exthost-b4b0be.cpuprofile' [{"id":"gc","total":350542,"percentage":7},{"id":"ms-python.python","total":11968,"percentage":0},{"id":"ms-toolsai.jupyter","total":5282,"percentage":0},{"id":"program","total":527350,"percentage":11},{"id":"self","total":484814,"percentage":10},{"id":"vscode.git","total":3612021,"percentage":72},{"id":"vscode.merge-conflict","total":711,"percentage":0}]
[2021-12-08 16:03:55.860] [renderer1] [warning] UNRESPONSIVE extension host, 'vscode.git' took 57% of 2141.519ms, saved PROFILE here: 'file:///tmp/exthost-531588.cpuprofile' [{"id":"gc","total":171865,"percentage":8},{"id":"ms-python.python","total":7862,"percentage":0},{"id":"ms-toolsai.jupyter","total":13644,"percentage":1},{"id":"program","total":447665,"percentage":21},{"id":"self","total":286359,"percentage":13},{"id":"vscode.git","total":1213345,"percentage":57},{"id":"vscode.merge-conflict","total":333,"percentage":0}]
[2021-12-08 16:06:24.501] [renderer1] [warning] UNRESPONSIVE extension host, 'vscode.git' took 72% of 5100.571ms, saved PROFILE here: 'file:///tmp/exthost-aa086e.cpuprofile' [{"id":"gc","total":80280,"percentage":2},{"id":"ms-python.python","total":23823,"percentage":0},{"id":"ms-toolsai.jupyter","total":7912,"percentage":0},{"id":"program","total":521117,"percentage":10},{"id":"self","total":779521,"percentage":15},{"id":"vscode.git","total":3686566,"percentage":72},{"id":"vscode.merge-conflict","total":549,"percentage":0},{"id":"vscode.typescript-language-features","total":347,"percentage":0}]
[2021-12-08 16:06:44.570] [renderer1] [warning] UNRESPONSIVE extension host, 'vscode.git' took 87% of 5257.792ms, saved PROFILE here: 'file:///tmp/exthost-392c45.cpuprofile' [{"id":"gc","total":90089,"percentage":2},{"id":"program","total":227,"percentage":0},{"id":"self","total":582928,"percentage":11},{"id":"vscode.git","total":4584254,"percentage":87}]
[2021-12-08 16:08:06.458] [renderer1] [warning] UNRESPONSIVE extension host, 'vscode.git' took 46% of 3126.107ms, saved PROFILE here: 'file:///tmp/exthost-29d03f.cpuprofile' [{"id":"gc","total":37166,"percentage":1},{"id":"ms-python.python","total":43171,"percentage":1},{"id":"ms-toolsai.jupyter","total":8544,"percentage":0},{"id":"program","total":1033201,"percentage":33},{"id":"self","total":480905,"percentage":15},{"id":"vscode.configuration-editing","total":934,"percentage":0},{"id":"vscode.emmet","total":728,"percentage":0},{"id":"vscode.git","total":1443056,"percentage":46},{"id":"vscode.html-language-features","total":6196,"percentage":0},{"id":"vscode.json-language-features","total":69975,"percentage":2},{"id":"vscode.merge-conflict","total":977,"percentage":0},{"id":"vscode.typescript-language-features","total":846,"percentage":0}]
