[Info  - 11:34:30.250] Reading sessions from keychain...
[Info  - 11:34:30.326] Getting sessions for all scopes...
[Error  - 11:34:30.396] Getting token failed: Error: The name org.freedesktop.secrets was not provided by any .service files
[Info  - 11:34:30.396] Got 0 sessions for all scopes...
[Info  - 11:34:30.470] Getting sessions for all scopes...
[Info  - 11:34:30.471] Got 0 sessions for all scopes...
[Info  - 11:37:22.290] Getting sessions for repo,workflow...
[Info  - 11:37:22.291] Got 0 sessions for repo,workflow...
[Info  - 11:37:24.733] Logging in for the following scopes: repo workflow
[Trace  - 11:38:09.453] Handling Uri...
[Info  - 11:38:09.454] Exchanging code for token...
[Info  - 11:38:10.374] Token exchange success!
[Info  - 11:38:10.376] Getting user info...
[Info  - 11:38:10.798] Got account info!
[Info  - 11:38:10.799] Storing 1 sessions...
[Error  - 11:38:11.557] Setting token failed: Error: The name org.freedesktop.secrets was not provided by any .service files
[Info  - 11:39:17.858] Stored 1 sessions!
[Info  - 11:39:17.859] Login success!
[Info  - 11:39:17.944] Getting sessions for all scopes...
[Info  - 11:39:17.945] Got 1 sessions for all scopes...
