[2021-11-21 18:59:26.994] [exthost] [info] extension host started
[2021-11-21 18:59:26.994] [exthost] [info] Skipping acquiring lock for /home/pi/.config/Code/User/workspaceStorage/a6a23638402a07baf2b4ea9ccbe97104.
[2021-11-21 18:59:27.713] [exthost] [info] ExtensionService#_doActivateExtension vscode.microsoft-authentication, startup: false, activationEvent: 'onAuthenticationRequest:microsoft'
[2021-11-21 18:59:27.713] [exthost] [info] ExtensionService#loadCommonJSModule file:///usr/share/code/resources/app/extensions/microsoft-authentication/dist/extension.js
[2021-11-21 18:59:27.748] [exthost] [info] ExtensionService#_doActivateExtension ms-python.python, startup: false, activationEvent: 'onLanguage:python', root cause: ms-python.vscode-pylance
[2021-11-21 18:59:27.749] [exthost] [info] ExtensionService#loadCommonJSModule file:///home/pi/.vscode/extensions/ms-python.python-2021.11.1422169775/out/client/extension
[2021-11-21 18:59:28.099] [exthost] [info] ExtensionService#_doActivateExtension ms-toolsai.jupyter, startup: false, activationEvent: 'onLanguage:python'
[2021-11-21 18:59:28.100] [exthost] [info] ExtensionService#loadCommonJSModule file:///home/pi/.vscode/extensions/ms-toolsai.jupyter-2021.9.1101343141/out/client/extension
[2021-11-21 18:59:28.730] [exthost] [info] ExtensionService#_doActivateExtension vscode.debug-auto-launch, startup: true, activationEvent: '*'
[2021-11-21 18:59:28.731] [exthost] [info] ExtensionService#loadCommonJSModule file:///usr/share/code/resources/app/extensions/debug-auto-launch/dist/extension
[2021-11-21 18:59:28.740] [exthost] [info] ExtensionService#_doActivateExtension vscode.git, startup: true, activationEvent: '*', root cause: vscode.github
[2021-11-21 18:59:28.741] [exthost] [info] ExtensionService#loadCommonJSModule file:///usr/share/code/resources/app/extensions/git/dist/main
[2021-11-21 18:59:29.955] [exthost] [info] ExtensionService#_doActivateExtension vscode.github, startup: true, activationEvent: '*'
[2021-11-21 18:59:29.956] [exthost] [info] ExtensionService#loadCommonJSModule file:///usr/share/code/resources/app/extensions/github/dist/extension.js
[2021-11-21 18:59:31.371] [exthost] [info] ExtensionService#_doActivateExtension ms-toolsai.jupyter-renderers, startup: false, activationEvent: 'api', root cause: ms-toolsai.jupyter
[2021-11-21 18:59:31.372] [exthost] [info] ExtensionService#loadCommonJSModule file:///home/pi/.vscode/extensions/ms-toolsai.jupyter-renderers-1.0.3/out/extension_renderer/index.js
[2021-11-21 18:59:31.381] [exthost] [info] eager extensions activated
[2021-11-21 18:59:31.599] [exthost] [info] ExtensionService#_doActivateExtension ms-vscode.js-debug, startup: false, activationEvent: 'onCommand:extension.js-debug.clearAutoAttachVariables'
[2021-11-21 18:59:31.599] [exthost] [info] ExtensionService#loadCommonJSModule file:///usr/share/code/resources/app/extensions/ms-vscode.js-debug/src/extension.js
[2021-11-21 18:59:32.197] [exthost] [info] ExtensionService#_doActivateExtension vscode.emmet, startup: false, activationEvent: 'onStartupFinished'
[2021-11-21 18:59:32.197] [exthost] [info] ExtensionService#loadCommonJSModule file:///usr/share/code/resources/app/extensions/emmet/dist/node/emmetNodeMain
[2021-11-21 18:59:32.233] [exthost] [info] ExtensionService#_doActivateExtension vscode.merge-conflict, startup: false, activationEvent: 'onStartupFinished'
[2021-11-21 18:59:32.233] [exthost] [info] ExtensionService#loadCommonJSModule file:///usr/share/code/resources/app/extensions/merge-conflict/dist/mergeConflictMain
[2021-11-21 18:59:32.614] [exthost] [info] ExtensionService#_doActivateExtension ms-python.vscode-pylance, startup: false, activationEvent: 'onLanguage:python'
[2021-11-21 18:59:32.614] [exthost] [info] ExtensionService#loadCommonJSModule file:///home/pi/.vscode/extensions/ms-python.vscode-pylance-2021.11.2/dist/extension.bundle.js
[2021-11-21 18:59:33.695] [exthost] [info] ExtensionService#_doActivateExtension vscode.github-authentication, startup: false, activationEvent: 'onAuthenticationRequest:github'
[2021-11-21 18:59:33.696] [exthost] [info] ExtensionService#loadCommonJSModule file:///usr/share/code/resources/app/extensions/github-authentication/dist/extension.js
[2021-11-21 18:59:53.296] [exthost] [error] [ms-python.python] provider FAILED
[2021-11-21 18:59:53.297] [exthost] [error] Canceled: Canceled
	at S.makeCancelError (/home/pi/.vscode/extensions/ms-python.python-2021.11.1422169775/out/client/extension.js:9:151015)
	at S.handleFailedRequest (/home/pi/.vscode/extensions/ms-python.python-2021.11.1422169775/out/client/extension.js:9:150866)
	at /home/pi/.vscode/extensions/ms-python.python-2021.11.1422169775/out/client/extension.js:9:111208
	at async s.provideHover (/usr/share/code/resources/app/out/vs/workbench/services/extensions/node/extensionHostProcess.js:94:170095)
[2021-11-21 18:59:53.582] [exthost] [error] [ms-python.python] provider FAILED
[2021-11-21 18:59:53.582] [exthost] [error] Canceled: Canceled
	at S.makeCancelError (/home/pi/.vscode/extensions/ms-python.python-2021.11.1422169775/out/client/extension.js:9:151015)
	at S.handleFailedRequest (/home/pi/.vscode/extensions/ms-python.python-2021.11.1422169775/out/client/extension.js:9:150866)
	at /home/pi/.vscode/extensions/ms-python.python-2021.11.1422169775/out/client/extension.js:9:111208
	at async s.provideHover (/usr/share/code/resources/app/out/vs/workbench/services/extensions/node/extensionHostProcess.js:94:170095)
[2021-11-21 18:59:55.010] [exthost] [info] ExtensionService#_doActivateExtension vscode.debug-server-ready, startup: false, activationEvent: 'onDebugResolve'
[2021-11-21 18:59:55.011] [exthost] [info] ExtensionService#loadCommonJSModule file:///usr/share/code/resources/app/extensions/debug-server-ready/dist/extension
[2021-11-21 19:04:05.041] [exthost] [error] [ms-python.python] provider FAILED
[2021-11-21 19:04:05.041] [exthost] [error] TypeError: Cannot read property 'length' of undefined
	at /home/pi/.vscode/extensions/ms-python.python-2021.11.1422169775/out/client/extension.js:52:353150
	at h (/home/pi/.vscode/extensions/ms-python.python-2021.11.1422169775/out/client/extension.js:52:358146)
	at async U.provideCompletionItems (/usr/share/code/resources/app/out/vs/workbench/services/extensions/node/extensionHostProcess.js:94:180703)
[2021-11-21 19:04:07.049] [exthost] [error] [ms-python.python] provider FAILED
[2021-11-21 19:04:07.049] [exthost] [error] Canceled: Canceled
	at S.makeCancelError (/home/pi/.vscode/extensions/ms-python.python-2021.11.1422169775/out/client/extension.js:9:151015)
	at S.handleFailedRequest (/home/pi/.vscode/extensions/ms-python.python-2021.11.1422169775/out/client/extension.js:9:150866)
	at /home/pi/.vscode/extensions/ms-python.python-2021.11.1422169775/out/client/extension.js:9:118727
	at async T.provideCodeActions (/usr/share/code/resources/app/out/vs/workbench/services/extensions/node/extensionHostProcess.js:94:172403)
[2021-11-21 19:04:26.088] [exthost] [error] [ms-python.python] provider FAILED
[2021-11-21 19:04:26.088] [exthost] [error] Canceled: Canceled
	at S.makeCancelError (/home/pi/.vscode/extensions/ms-python.python-2021.11.1422169775/out/client/extension.js:9:151015)
	at S.handleFailedRequest (/home/pi/.vscode/extensions/ms-python.python-2021.11.1422169775/out/client/extension.js:9:150866)
	at /home/pi/.vscode/extensions/ms-python.python-2021.11.1422169775/out/client/extension.js:9:110020
	at async U.provideCompletionItems (/usr/share/code/resources/app/out/vs/workbench/services/extensions/node/extensionHostProcess.js:94:180703)
[2021-11-21 19:05:10.999] [exthost] [info] ExtensionService#_doActivateExtension vscode.html-language-features, startup: false, activationEvent: 'onLanguage:html'
[2021-11-21 19:05:10.999] [exthost] [info] ExtensionService#loadCommonJSModule file:///usr/share/code/resources/app/extensions/html-language-features/client/dist/node/htmlClientMain
[2021-11-21 19:05:39.886] [exthost] [error] [ms-python.python] provider FAILED
[2021-11-21 19:05:39.886] [exthost] [error] Canceled: Canceled
	at S.makeCancelError (/home/pi/.vscode/extensions/ms-python.python-2021.11.1422169775/out/client/extension.js:9:151015)
	at S.handleFailedRequest (/home/pi/.vscode/extensions/ms-python.python-2021.11.1422169775/out/client/extension.js:9:150866)
	at /home/pi/.vscode/extensions/ms-python.python-2021.11.1422169775/out/client/extension.js:9:114800
	at async v.provideDocumentHighlights (/usr/share/code/resources/app/out/vs/workbench/services/extensions/node/extensionHostProcess.js:94:171033)
[2021-11-21 19:05:39.889] [exthost] [error] [ms-python.python] provider FAILED
[2021-11-21 19:05:39.889] [exthost] [error] Canceled: Canceled
	at S.makeCancelError (/home/pi/.vscode/extensions/ms-python.python-2021.11.1422169775/out/client/extension.js:9:151015)
	at S.handleFailedRequest (/home/pi/.vscode/extensions/ms-python.python-2021.11.1422169775/out/client/extension.js:9:150866)
	at /home/pi/.vscode/extensions/ms-python.python-2021.11.1422169775/out/client/extension.js:9:118727
	at runNextTicks (internal/process/task_queues.js:58:5)
	at processImmediate (internal/timers.js:434:9)
	at async T.provideCodeActions (/usr/share/code/resources/app/out/vs/workbench/services/extensions/node/extensionHostProcess.js:94:172403)
[2021-11-21 19:07:20.891] [exthost] [error] [ms-python.python] provider FAILED
[2021-11-21 19:07:20.891] [exthost] [error] Canceled: Canceled
	at S.makeCancelError (/home/pi/.vscode/extensions/ms-python.python-2021.11.1422169775/out/client/extension.js:9:151015)
	at S.handleFailedRequest (/home/pi/.vscode/extensions/ms-python.python-2021.11.1422169775/out/client/extension.js:9:150866)
	at /home/pi/.vscode/extensions/ms-python.python-2021.11.1422169775/out/client/extension.js:9:118727
	at async T.provideCodeActions (/usr/share/code/resources/app/out/vs/workbench/services/extensions/node/extensionHostProcess.js:94:172403)
[2021-11-21 19:07:20.997] [exthost] [error] [ms-python.python] provider FAILED
[2021-11-21 19:07:20.997] [exthost] [error] Canceled: Canceled
	at S.makeCancelError (/home/pi/.vscode/extensions/ms-python.python-2021.11.1422169775/out/client/extension.js:9:151015)
	at S.handleFailedRequest (/home/pi/.vscode/extensions/ms-python.python-2021.11.1422169775/out/client/extension.js:9:150866)
	at /home/pi/.vscode/extensions/ms-python.python-2021.11.1422169775/out/client/extension.js:9:118727
	at async T.provideCodeActions (/usr/share/code/resources/app/out/vs/workbench/services/extensions/node/extensionHostProcess.js:94:172403)
[2021-11-21 19:09:33.258] [exthost] [error] [ms-python.python] provider FAILED
[2021-11-21 19:09:33.258] [exthost] [error] Canceled: Canceled
	at S.makeCancelError (/home/pi/.vscode/extensions/ms-python.python-2021.11.1422169775/out/client/extension.js:9:151015)
	at S.handleFailedRequest (/home/pi/.vscode/extensions/ms-python.python-2021.11.1422169775/out/client/extension.js:9:150866)
	at /home/pi/.vscode/extensions/ms-python.python-2021.11.1422169775/out/client/extension.js:9:118727
	at async T.provideCodeActions (/usr/share/code/resources/app/out/vs/workbench/services/extensions/node/extensionHostProcess.js:94:172403)
[2021-11-21 19:09:36.138] [exthost] [error] [ms-python.python] provider FAILED
[2021-11-21 19:09:36.138] [exthost] [error] Canceled: Canceled
	at S.makeCancelError (/home/pi/.vscode/extensions/ms-python.python-2021.11.1422169775/out/client/extension.js:9:151015)
	at S.handleFailedRequest (/home/pi/.vscode/extensions/ms-python.python-2021.11.1422169775/out/client/extension.js:9:150866)
	at /home/pi/.vscode/extensions/ms-python.python-2021.11.1422169775/out/client/extension.js:9:111208
	at async s.provideHover (/usr/share/code/resources/app/out/vs/workbench/services/extensions/node/extensionHostProcess.js:94:170095)
[2021-11-21 19:15:03.860] [exthost] [error] [ms-python.python] provider FAILED
[2021-11-21 19:15:03.860] [exthost] [error] Canceled: Canceled
	at S.makeCancelError (/home/pi/.vscode/extensions/ms-python.python-2021.11.1422169775/out/client/extension.js:9:151015)
	at S.handleFailedRequest (/home/pi/.vscode/extensions/ms-python.python-2021.11.1422169775/out/client/extension.js:9:150866)
	at /home/pi/.vscode/extensions/ms-python.python-2021.11.1422169775/out/client/extension.js:9:111208
	at async s.provideHover (/usr/share/code/resources/app/out/vs/workbench/services/extensions/node/extensionHostProcess.js:94:170095)
[2021-11-21 19:23:46.243] [exthost] [error] [ms-python.python] provider FAILED
[2021-11-21 19:23:46.243] [exthost] [error] Canceled: Canceled
	at S.makeCancelError (/home/pi/.vscode/extensions/ms-python.python-2021.11.1422169775/out/client/extension.js:9:151015)
	at S.handleFailedRequest (/home/pi/.vscode/extensions/ms-python.python-2021.11.1422169775/out/client/extension.js:9:150866)
	at /home/pi/.vscode/extensions/ms-python.python-2021.11.1422169775/out/client/extension.js:9:114800
	at async v.provideDocumentHighlights (/usr/share/code/resources/app/out/vs/workbench/services/extensions/node/extensionHostProcess.js:94:171033)
[2021-11-21 19:27:06.981] [exthost] [error] [ms-python.python] provider FAILED
[2021-11-21 19:27:06.981] [exthost] [error] TypeError: Cannot read property 'length' of undefined
	at /home/pi/.vscode/extensions/ms-python.python-2021.11.1422169775/out/client/extension.js:52:353150
	at h (/home/pi/.vscode/extensions/ms-python.python-2021.11.1422169775/out/client/extension.js:52:358146)
	at async U.provideCompletionItems (/usr/share/code/resources/app/out/vs/workbench/services/extensions/node/extensionHostProcess.js:94:180703)
[2021-11-21 19:27:38.048] [exthost] [error] [ms-python.python] provider FAILED
[2021-11-21 19:27:38.049] [exthost] [error] Canceled: Canceled
	at S.makeCancelError (/home/pi/.vscode/extensions/ms-python.python-2021.11.1422169775/out/client/extension.js:9:151015)
	at S.handleFailedRequest (/home/pi/.vscode/extensions/ms-python.python-2021.11.1422169775/out/client/extension.js:9:150866)
	at /home/pi/.vscode/extensions/ms-python.python-2021.11.1422169775/out/client/extension.js:9:118727
	at async T.provideCodeActions (/usr/share/code/resources/app/out/vs/workbench/services/extensions/node/extensionHostProcess.js:94:172403)
[2021-11-21 19:30:16.309] [exthost] [error] [ms-python.python] provider FAILED
[2021-11-21 19:30:16.309] [exthost] [error] Canceled: Canceled
	at S.makeCancelError (/home/pi/.vscode/extensions/ms-python.python-2021.11.1422169775/out/client/extension.js:9:151015)
	at S.handleFailedRequest (/home/pi/.vscode/extensions/ms-python.python-2021.11.1422169775/out/client/extension.js:9:150866)
	at /home/pi/.vscode/extensions/ms-python.python-2021.11.1422169775/out/client/extension.js:9:110416
	at async U.resolveCompletionItem (/usr/share/code/resources/app/out/vs/workbench/services/extensions/node/extensionHostProcess.js:94:181423)
[2021-11-21 19:30:56.041] [exthost] [error] [ms-python.python] provider FAILED
[2021-11-21 19:30:56.041] [exthost] [error] Canceled: Canceled
	at S.makeCancelError (/home/pi/.vscode/extensions/ms-python.python-2021.11.1422169775/out/client/extension.js:9:151015)
	at S.handleFailedRequest (/home/pi/.vscode/extensions/ms-python.python-2021.11.1422169775/out/client/extension.js:9:150866)
	at /home/pi/.vscode/extensions/ms-python.python-2021.11.1422169775/out/client/extension.js:9:110416
	at async U.resolveCompletionItem (/usr/share/code/resources/app/out/vs/workbench/services/extensions/node/extensionHostProcess.js:94:181423)
[2021-11-21 19:30:56.708] [exthost] [error] [ms-python.python] provider FAILED
[2021-11-21 19:30:56.708] [exthost] [error] Canceled: Canceled
	at S.makeCancelError (/home/pi/.vscode/extensions/ms-python.python-2021.11.1422169775/out/client/extension.js:9:151015)
	at S.handleFailedRequest (/home/pi/.vscode/extensions/ms-python.python-2021.11.1422169775/out/client/extension.js:9:150866)
	at /home/pi/.vscode/extensions/ms-python.python-2021.11.1422169775/out/client/extension.js:9:118727
	at async T.provideCodeActions (/usr/share/code/resources/app/out/vs/workbench/services/extensions/node/extensionHostProcess.js:94:172403)
[2021-11-21 19:31:06.925] [exthost] [error] [ms-python.python] provider FAILED
[2021-11-21 19:31:06.925] [exthost] [error] Canceled: Canceled
	at S.makeCancelError (/home/pi/.vscode/extensions/ms-python.python-2021.11.1422169775/out/client/extension.js:9:151015)
	at S.handleFailedRequest (/home/pi/.vscode/extensions/ms-python.python-2021.11.1422169775/out/client/extension.js:9:150866)
	at /home/pi/.vscode/extensions/ms-python.python-2021.11.1422169775/out/client/extension.js:9:118727
	at async T.provideCodeActions (/usr/share/code/resources/app/out/vs/workbench/services/extensions/node/extensionHostProcess.js:94:172403)
[2021-11-21 19:31:18.686] [exthost] [error] [ms-python.python] provider FAILED
[2021-11-21 19:31:18.687] [exthost] [error] Canceled: Canceled
	at S.makeCancelError (/home/pi/.vscode/extensions/ms-python.python-2021.11.1422169775/out/client/extension.js:9:151015)
	at S.handleFailedRequest (/home/pi/.vscode/extensions/ms-python.python-2021.11.1422169775/out/client/extension.js:9:150866)
	at /home/pi/.vscode/extensions/ms-python.python-2021.11.1422169775/out/client/extension.js:9:118727
	at async T.provideCodeActions (/usr/share/code/resources/app/out/vs/workbench/services/extensions/node/extensionHostProcess.js:94:172403)
[2021-11-21 19:32:13.491] [exthost] [error] [ms-python.python] provider FAILED
[2021-11-21 19:32:13.491] [exthost] [error] TypeError: Cannot read property 'length' of undefined
	at /home/pi/.vscode/extensions/ms-python.python-2021.11.1422169775/out/client/extension.js:52:353150
	at h (/home/pi/.vscode/extensions/ms-python.python-2021.11.1422169775/out/client/extension.js:52:358146)
	at async U.provideCompletionItems (/usr/share/code/resources/app/out/vs/workbench/services/extensions/node/extensionHostProcess.js:94:180703)
[2021-11-21 19:32:24.935] [exthost] [error] [ms-python.python] provider FAILED
[2021-11-21 19:32:24.935] [exthost] [error] Canceled: Canceled
	at S.makeCancelError (/home/pi/.vscode/extensions/ms-python.python-2021.11.1422169775/out/client/extension.js:9:151015)
	at S.handleFailedRequest (/home/pi/.vscode/extensions/ms-python.python-2021.11.1422169775/out/client/extension.js:9:150866)
	at /home/pi/.vscode/extensions/ms-python.python-2021.11.1422169775/out/client/extension.js:9:110416
	at async U.resolveCompletionItem (/usr/share/code/resources/app/out/vs/workbench/services/extensions/node/extensionHostProcess.js:94:181423)
[2021-11-21 19:33:25.747] [exthost] [error] [ms-python.python] provider FAILED
[2021-11-21 19:33:25.748] [exthost] [error] Canceled: Canceled
	at S.makeCancelError (/home/pi/.vscode/extensions/ms-python.python-2021.11.1422169775/out/client/extension.js:9:151015)
	at S.handleFailedRequest (/home/pi/.vscode/extensions/ms-python.python-2021.11.1422169775/out/client/extension.js:9:150866)
	at /home/pi/.vscode/extensions/ms-python.python-2021.11.1422169775/out/client/extension.js:9:110416
	at async U.resolveCompletionItem (/usr/share/code/resources/app/out/vs/workbench/services/extensions/node/extensionHostProcess.js:94:181423)
[2021-11-21 19:33:51.262] [exthost] [error] [ms-python.python] provider FAILED
[2021-11-21 19:33:51.263] [exthost] [error] Canceled: Canceled
	at S.makeCancelError (/home/pi/.vscode/extensions/ms-python.python-2021.11.1422169775/out/client/extension.js:9:151015)
	at S.handleFailedRequest (/home/pi/.vscode/extensions/ms-python.python-2021.11.1422169775/out/client/extension.js:9:150866)
	at /home/pi/.vscode/extensions/ms-python.python-2021.11.1422169775/out/client/extension.js:9:114800
	at async v.provideDocumentHighlights (/usr/share/code/resources/app/out/vs/workbench/services/extensions/node/extensionHostProcess.js:94:171033)
[2021-11-21 19:35:15.361] [exthost] [error] [ms-python.python] provider FAILED
[2021-11-21 19:35:15.361] [exthost] [error] Canceled: Canceled
	at S.makeCancelError (/home/pi/.vscode/extensions/ms-python.python-2021.11.1422169775/out/client/extension.js:9:151015)
	at S.handleFailedRequest (/home/pi/.vscode/extensions/ms-python.python-2021.11.1422169775/out/client/extension.js:9:150866)
	at /home/pi/.vscode/extensions/ms-python.python-2021.11.1422169775/out/client/extension.js:9:111208
	at async s.provideHover (/usr/share/code/resources/app/out/vs/workbench/services/extensions/node/extensionHostProcess.js:94:170095)
[2021-11-21 19:35:18.982] [exthost] [error] [ms-python.python] provider FAILED
[2021-11-21 19:35:18.982] [exthost] [error] Canceled: Canceled
	at S.makeCancelError (/home/pi/.vscode/extensions/ms-python.python-2021.11.1422169775/out/client/extension.js:9:151015)
	at S.handleFailedRequest (/home/pi/.vscode/extensions/ms-python.python-2021.11.1422169775/out/client/extension.js:9:150866)
	at /home/pi/.vscode/extensions/ms-python.python-2021.11.1422169775/out/client/extension.js:9:111208
	at async s.provideHover (/usr/share/code/resources/app/out/vs/workbench/services/extensions/node/extensionHostProcess.js:94:170095)
[2021-11-21 19:35:45.070] [exthost] [error] [ms-python.python] provider FAILED
[2021-11-21 19:35:45.070] [exthost] [error] Canceled: Canceled
	at S.makeCancelError (/home/pi/.vscode/extensions/ms-python.python-2021.11.1422169775/out/client/extension.js:9:151015)
	at S.handleFailedRequest (/home/pi/.vscode/extensions/ms-python.python-2021.11.1422169775/out/client/extension.js:9:150866)
	at /home/pi/.vscode/extensions/ms-python.python-2021.11.1422169775/out/client/extension.js:9:111208
	at async s.provideHover (/usr/share/code/resources/app/out/vs/workbench/services/extensions/node/extensionHostProcess.js:94:170095)
[2021-11-21 19:43:49.078] [exthost] [error] [ms-python.python] provider FAILED
[2021-11-21 19:43:49.078] [exthost] [error] Canceled: Canceled
	at S.makeCancelError (/home/pi/.vscode/extensions/ms-python.python-2021.11.1422169775/out/client/extension.js:9:151015)
	at S.handleFailedRequest (/home/pi/.vscode/extensions/ms-python.python-2021.11.1422169775/out/client/extension.js:9:150866)
	at /home/pi/.vscode/extensions/ms-python.python-2021.11.1422169775/out/client/extension.js:9:114800
	at async v.provideDocumentHighlights (/usr/share/code/resources/app/out/vs/workbench/services/extensions/node/extensionHostProcess.js:94:171033)
[2021-11-21 19:43:52.963] [exthost] [error] [ms-python.python] provider FAILED
[2021-11-21 19:43:52.964] [exthost] [error] Canceled: Canceled
	at S.makeCancelError (/home/pi/.vscode/extensions/ms-python.python-2021.11.1422169775/out/client/extension.js:9:151015)
	at S.handleFailedRequest (/home/pi/.vscode/extensions/ms-python.python-2021.11.1422169775/out/client/extension.js:9:150866)
	at /home/pi/.vscode/extensions/ms-python.python-2021.11.1422169775/out/client/extension.js:9:114800
	at async v.provideDocumentHighlights (/usr/share/code/resources/app/out/vs/workbench/services/extensions/node/extensionHostProcess.js:94:171033)
[2021-11-21 19:43:53.036] [exthost] [error] [ms-python.python] provider FAILED
[2021-11-21 19:43:53.037] [exthost] [error] Canceled: Canceled
	at S.makeCancelError (/home/pi/.vscode/extensions/ms-python.python-2021.11.1422169775/out/client/extension.js:9:151015)
	at S.handleFailedRequest (/home/pi/.vscode/extensions/ms-python.python-2021.11.1422169775/out/client/extension.js:9:150866)
	at /home/pi/.vscode/extensions/ms-python.python-2021.11.1422169775/out/client/extension.js:9:114800
	at async v.provideDocumentHighlights (/usr/share/code/resources/app/out/vs/workbench/services/extensions/node/extensionHostProcess.js:94:171033)
[2021-11-21 19:43:55.428] [exthost] [error] [ms-python.python] provider FAILED
[2021-11-21 19:43:55.429] [exthost] [error] Canceled: Canceled
	at S.makeCancelError (/home/pi/.vscode/extensions/ms-python.python-2021.11.1422169775/out/client/extension.js:9:151015)
	at S.handleFailedRequest (/home/pi/.vscode/extensions/ms-python.python-2021.11.1422169775/out/client/extension.js:9:150866)
	at /home/pi/.vscode/extensions/ms-python.python-2021.11.1422169775/out/client/extension.js:9:114800
	at async v.provideDocumentHighlights (/usr/share/code/resources/app/out/vs/workbench/services/extensions/node/extensionHostProcess.js:94:171033)
[2021-11-21 19:43:55.538] [exthost] [error] [ms-python.python] provider FAILED
[2021-11-21 19:43:55.538] [exthost] [error] Canceled: Canceled
	at S.makeCancelError (/home/pi/.vscode/extensions/ms-python.python-2021.11.1422169775/out/client/extension.js:9:151015)
	at S.handleFailedRequest (/home/pi/.vscode/extensions/ms-python.python-2021.11.1422169775/out/client/extension.js:9:150866)
	at /home/pi/.vscode/extensions/ms-python.python-2021.11.1422169775/out/client/extension.js:9:114800
	at async v.provideDocumentHighlights (/usr/share/code/resources/app/out/vs/workbench/services/extensions/node/extensionHostProcess.js:94:171033)
[2021-11-21 19:44:43.719] [exthost] [error] [ms-python.python] provider FAILED
[2021-11-21 19:44:43.719] [exthost] [error] Canceled: Canceled
	at S.makeCancelError (/home/pi/.vscode/extensions/ms-python.python-2021.11.1422169775/out/client/extension.js:9:151015)
	at S.handleFailedRequest (/home/pi/.vscode/extensions/ms-python.python-2021.11.1422169775/out/client/extension.js:9:150866)
	at /home/pi/.vscode/extensions/ms-python.python-2021.11.1422169775/out/client/extension.js:9:114800
	at async v.provideDocumentHighlights (/usr/share/code/resources/app/out/vs/workbench/services/extensions/node/extensionHostProcess.js:94:171033)
[2021-11-21 19:44:43.726] [exthost] [error] [ms-python.python] provider FAILED
[2021-11-21 19:44:43.726] [exthost] [error] Canceled: Canceled
	at S.makeCancelError (/home/pi/.vscode/extensions/ms-python.python-2021.11.1422169775/out/client/extension.js:9:151015)
	at S.handleFailedRequest (/home/pi/.vscode/extensions/ms-python.python-2021.11.1422169775/out/client/extension.js:9:150866)
	at /home/pi/.vscode/extensions/ms-python.python-2021.11.1422169775/out/client/extension.js:9:114800
	at async v.provideDocumentHighlights (/usr/share/code/resources/app/out/vs/workbench/services/extensions/node/extensionHostProcess.js:94:171033)
[2021-11-21 19:44:43.904] [exthost] [error] [ms-python.python] provider FAILED
[2021-11-21 19:44:43.904] [exthost] [error] Canceled: Canceled
	at S.makeCancelError (/home/pi/.vscode/extensions/ms-python.python-2021.11.1422169775/out/client/extension.js:9:151015)
	at S.handleFailedRequest (/home/pi/.vscode/extensions/ms-python.python-2021.11.1422169775/out/client/extension.js:9:150866)
	at /home/pi/.vscode/extensions/ms-python.python-2021.11.1422169775/out/client/extension.js:9:114800
	at async v.provideDocumentHighlights (/usr/share/code/resources/app/out/vs/workbench/services/extensions/node/extensionHostProcess.js:94:171033)
[2021-11-21 19:44:44.093] [exthost] [error] [ms-python.python] provider FAILED
[2021-11-21 19:44:44.093] [exthost] [error] Canceled: Canceled
	at S.makeCancelError (/home/pi/.vscode/extensions/ms-python.python-2021.11.1422169775/out/client/extension.js:9:151015)
	at S.handleFailedRequest (/home/pi/.vscode/extensions/ms-python.python-2021.11.1422169775/out/client/extension.js:9:150866)
	at /home/pi/.vscode/extensions/ms-python.python-2021.11.1422169775/out/client/extension.js:9:114800
	at async v.provideDocumentHighlights (/usr/share/code/resources/app/out/vs/workbench/services/extensions/node/extensionHostProcess.js:94:171033)
[2021-11-21 19:44:46.976] [exthost] [error] [ms-python.python] provider FAILED
[2021-11-21 19:44:46.976] [exthost] [error] Canceled: Canceled
	at S.makeCancelError (/home/pi/.vscode/extensions/ms-python.python-2021.11.1422169775/out/client/extension.js:9:151015)
	at S.handleFailedRequest (/home/pi/.vscode/extensions/ms-python.python-2021.11.1422169775/out/client/extension.js:9:150866)
	at /home/pi/.vscode/extensions/ms-python.python-2021.11.1422169775/out/client/extension.js:9:114800
	at async v.provideDocumentHighlights (/usr/share/code/resources/app/out/vs/workbench/services/extensions/node/extensionHostProcess.js:94:171033)
[2021-11-21 19:45:06.957] [exthost] [error] [ms-python.python] provider FAILED
[2021-11-21 19:45:06.958] [exthost] [error] TypeError: Cannot read property 'length' of undefined
	at /home/pi/.vscode/extensions/ms-python.python-2021.11.1422169775/out/client/extension.js:52:353150
	at h (/home/pi/.vscode/extensions/ms-python.python-2021.11.1422169775/out/client/extension.js:52:358146)
	at async U.provideCompletionItems (/usr/share/code/resources/app/out/vs/workbench/services/extensions/node/extensionHostProcess.js:94:180703)
[2021-11-21 19:45:09.461] [exthost] [error] [ms-python.python] provider FAILED
[2021-11-21 19:45:09.462] [exthost] [error] Canceled: Canceled
	at S.makeCancelError (/home/pi/.vscode/extensions/ms-python.python-2021.11.1422169775/out/client/extension.js:9:151015)
	at S.handleFailedRequest (/home/pi/.vscode/extensions/ms-python.python-2021.11.1422169775/out/client/extension.js:9:150866)
	at /home/pi/.vscode/extensions/ms-python.python-2021.11.1422169775/out/client/extension.js:9:118727
	at async T.provideCodeActions (/usr/share/code/resources/app/out/vs/workbench/services/extensions/node/extensionHostProcess.js:94:172403)
[2021-11-21 19:45:09.534] [exthost] [error] [ms-python.python] provider FAILED
[2021-11-21 19:45:09.534] [exthost] [error] Canceled: Canceled
	at S.makeCancelError (/home/pi/.vscode/extensions/ms-python.python-2021.11.1422169775/out/client/extension.js:9:151015)
	at S.handleFailedRequest (/home/pi/.vscode/extensions/ms-python.python-2021.11.1422169775/out/client/extension.js:9:150866)
	at /home/pi/.vscode/extensions/ms-python.python-2021.11.1422169775/out/client/extension.js:9:110416
	at async U.resolveCompletionItem (/usr/share/code/resources/app/out/vs/workbench/services/extensions/node/extensionHostProcess.js:94:181423)
[2021-11-21 19:45:12.765] [exthost] [error] [ms-python.python] provider FAILED
[2021-11-21 19:45:12.766] [exthost] [error] Canceled: Canceled
	at S.makeCancelError (/home/pi/.vscode/extensions/ms-python.python-2021.11.1422169775/out/client/extension.js:9:151015)
	at S.handleFailedRequest (/home/pi/.vscode/extensions/ms-python.python-2021.11.1422169775/out/client/extension.js:9:150866)
	at /home/pi/.vscode/extensions/ms-python.python-2021.11.1422169775/out/client/extension.js:9:114800
	at async v.provideDocumentHighlights (/usr/share/code/resources/app/out/vs/workbench/services/extensions/node/extensionHostProcess.js:94:171033)
[2021-11-21 19:45:44.904] [exthost] [error] [ms-python.python] provider FAILED
[2021-11-21 19:45:44.904] [exthost] [error] Canceled: Canceled
	at S.makeCancelError (/home/pi/.vscode/extensions/ms-python.python-2021.11.1422169775/out/client/extension.js:9:151015)
	at S.handleFailedRequest (/home/pi/.vscode/extensions/ms-python.python-2021.11.1422169775/out/client/extension.js:9:150866)
	at /home/pi/.vscode/extensions/ms-python.python-2021.11.1422169775/out/client/extension.js:9:111208
	at async s.provideHover (/usr/share/code/resources/app/out/vs/workbench/services/extensions/node/extensionHostProcess.js:94:170095)
[2021-11-21 19:45:48.109] [exthost] [error] [ms-python.python] provider FAILED
[2021-11-21 19:45:48.222] [exthost] [error] Canceled: Canceled
	at S.makeCancelError (/home/pi/.vscode/extensions/ms-python.python-2021.11.1422169775/out/client/extension.js:9:151015)
	at S.handleFailedRequest (/home/pi/.vscode/extensions/ms-python.python-2021.11.1422169775/out/client/extension.js:9:150866)
	at /home/pi/.vscode/extensions/ms-python.python-2021.11.1422169775/out/client/extension.js:9:111208
	at async s.provideHover (/usr/share/code/resources/app/out/vs/workbench/services/extensions/node/extensionHostProcess.js:94:170095)
[2021-11-21 19:45:48.225] [exthost] [error] [ms-python.python] provider FAILED
[2021-11-21 19:45:48.226] [exthost] [error] Canceled: Canceled
	at S.makeCancelError (/home/pi/.vscode/extensions/ms-python.python-2021.11.1422169775/out/client/extension.js:9:151015)
	at S.handleFailedRequest (/home/pi/.vscode/extensions/ms-python.python-2021.11.1422169775/out/client/extension.js:9:150866)
	at /home/pi/.vscode/extensions/ms-python.python-2021.11.1422169775/out/client/extension.js:9:118727
	at async T.provideCodeActions (/usr/share/code/resources/app/out/vs/workbench/services/extensions/node/extensionHostProcess.js:94:172403)
[2021-11-21 19:45:48.227] [exthost] [error] [ms-python.python] provider FAILED
[2021-11-21 19:45:48.227] [exthost] [error] Canceled: Canceled
	at S.makeCancelError (/home/pi/.vscode/extensions/ms-python.python-2021.11.1422169775/out/client/extension.js:9:151015)
	at S.handleFailedRequest (/home/pi/.vscode/extensions/ms-python.python-2021.11.1422169775/out/client/extension.js:9:150866)
	at /home/pi/.vscode/extensions/ms-python.python-2021.11.1422169775/out/client/extension.js:9:111208
	at runNextTicks (internal/process/task_queues.js:58:5)
	at processImmediate (internal/timers.js:434:9)
	at async s.provideHover (/usr/share/code/resources/app/out/vs/workbench/services/extensions/node/extensionHostProcess.js:94:170095)
[2021-11-21 19:45:48.881] [exthost] [error] [ms-python.python] provider FAILED
[2021-11-21 19:45:48.882] [exthost] [error] Canceled: Canceled
	at S.makeCancelError (/home/pi/.vscode/extensions/ms-python.python-2021.11.1422169775/out/client/extension.js:9:151015)
	at S.handleFailedRequest (/home/pi/.vscode/extensions/ms-python.python-2021.11.1422169775/out/client/extension.js:9:150866)
	at /home/pi/.vscode/extensions/ms-python.python-2021.11.1422169775/out/client/extension.js:9:113250
	at async t.provideDefinition (/usr/share/code/resources/app/out/vs/workbench/services/extensions/node/extensionHostProcess.js:94:169202)
[2021-11-21 19:46:01.250] [exthost] [error] [ms-python.python] provider FAILED
[2021-11-21 19:46:01.250] [exthost] [error] Canceled: Canceled
	at S.makeCancelError (/home/pi/.vscode/extensions/ms-python.python-2021.11.1422169775/out/client/extension.js:9:151015)
	at S.handleFailedRequest (/home/pi/.vscode/extensions/ms-python.python-2021.11.1422169775/out/client/extension.js:9:150866)
	at /home/pi/.vscode/extensions/ms-python.python-2021.11.1422169775/out/client/extension.js:9:118727
	at async T.provideCodeActions (/usr/share/code/resources/app/out/vs/workbench/services/extensions/node/extensionHostProcess.js:94:172403)
[2021-11-21 19:46:21.731] [exthost] [error] [ms-python.python] provider FAILED
[2021-11-21 19:46:21.731] [exthost] [error] Canceled: Canceled
	at S.makeCancelError (/home/pi/.vscode/extensions/ms-python.python-2021.11.1422169775/out/client/extension.js:9:151015)
	at S.handleFailedRequest (/home/pi/.vscode/extensions/ms-python.python-2021.11.1422169775/out/client/extension.js:9:150866)
	at /home/pi/.vscode/extensions/ms-python.python-2021.11.1422169775/out/client/extension.js:9:114800
	at async v.provideDocumentHighlights (/usr/share/code/resources/app/out/vs/workbench/services/extensions/node/extensionHostProcess.js:94:171033)
[2021-11-21 19:46:21.840] [exthost] [error] [ms-python.python] provider FAILED
[2021-11-21 19:46:21.840] [exthost] [error] Canceled: Canceled
	at S.makeCancelError (/home/pi/.vscode/extensions/ms-python.python-2021.11.1422169775/out/client/extension.js:9:151015)
	at S.handleFailedRequest (/home/pi/.vscode/extensions/ms-python.python-2021.11.1422169775/out/client/extension.js:9:150866)
	at /home/pi/.vscode/extensions/ms-python.python-2021.11.1422169775/out/client/extension.js:9:114800
	at async v.provideDocumentHighlights (/usr/share/code/resources/app/out/vs/workbench/services/extensions/node/extensionHostProcess.js:94:171033)
[2021-11-21 19:46:21.918] [exthost] [error] [ms-python.python] provider FAILED
[2021-11-21 19:46:21.918] [exthost] [error] Canceled: Canceled
	at S.makeCancelError (/home/pi/.vscode/extensions/ms-python.python-2021.11.1422169775/out/client/extension.js:9:151015)
	at S.handleFailedRequest (/home/pi/.vscode/extensions/ms-python.python-2021.11.1422169775/out/client/extension.js:9:150866)
	at /home/pi/.vscode/extensions/ms-python.python-2021.11.1422169775/out/client/extension.js:9:114800
	at async v.provideDocumentHighlights (/usr/share/code/resources/app/out/vs/workbench/services/extensions/node/extensionHostProcess.js:94:171033)
[2021-11-21 19:46:21.924] [exthost] [error] [ms-python.python] provider FAILED
[2021-11-21 19:46:21.924] [exthost] [error] Canceled: Canceled
	at S.makeCancelError (/home/pi/.vscode/extensions/ms-python.python-2021.11.1422169775/out/client/extension.js:9:151015)
	at S.handleFailedRequest (/home/pi/.vscode/extensions/ms-python.python-2021.11.1422169775/out/client/extension.js:9:150866)
	at /home/pi/.vscode/extensions/ms-python.python-2021.11.1422169775/out/client/extension.js:9:114800
	at async v.provideDocumentHighlights (/usr/share/code/resources/app/out/vs/workbench/services/extensions/node/extensionHostProcess.js:94:171033)
[2021-11-21 19:46:22.017] [exthost] [error] [ms-python.python] provider FAILED
[2021-11-21 19:46:22.017] [exthost] [error] Canceled: Canceled
	at S.makeCancelError (/home/pi/.vscode/extensions/ms-python.python-2021.11.1422169775/out/client/extension.js:9:151015)
	at S.handleFailedRequest (/home/pi/.vscode/extensions/ms-python.python-2021.11.1422169775/out/client/extension.js:9:150866)
	at /home/pi/.vscode/extensions/ms-python.python-2021.11.1422169775/out/client/extension.js:9:114800
	at async v.provideDocumentHighlights (/usr/share/code/resources/app/out/vs/workbench/services/extensions/node/extensionHostProcess.js:94:171033)
[2021-11-21 19:46:22.089] [exthost] [error] [ms-python.python] provider FAILED
[2021-11-21 19:46:22.089] [exthost] [error] Canceled: Canceled
	at S.makeCancelError (/home/pi/.vscode/extensions/ms-python.python-2021.11.1422169775/out/client/extension.js:9:151015)
	at S.handleFailedRequest (/home/pi/.vscode/extensions/ms-python.python-2021.11.1422169775/out/client/extension.js:9:150866)
	at /home/pi/.vscode/extensions/ms-python.python-2021.11.1422169775/out/client/extension.js:9:114800
	at async v.provideDocumentHighlights (/usr/share/code/resources/app/out/vs/workbench/services/extensions/node/extensionHostProcess.js:94:171033)
[2021-11-21 19:46:22.243] [exthost] [error] [ms-python.python] provider FAILED
[2021-11-21 19:46:22.243] [exthost] [error] Canceled: Canceled
	at S.makeCancelError (/home/pi/.vscode/extensions/ms-python.python-2021.11.1422169775/out/client/extension.js:9:151015)
	at S.handleFailedRequest (/home/pi/.vscode/extensions/ms-python.python-2021.11.1422169775/out/client/extension.js:9:150866)
	at /home/pi/.vscode/extensions/ms-python.python-2021.11.1422169775/out/client/extension.js:9:114800
	at async v.provideDocumentHighlights (/usr/share/code/resources/app/out/vs/workbench/services/extensions/node/extensionHostProcess.js:94:171033)
[2021-11-21 19:46:22.622] [exthost] [error] [ms-python.python] provider FAILED
[2021-11-21 19:46:22.623] [exthost] [error] Canceled: Canceled
	at S.makeCancelError (/home/pi/.vscode/extensions/ms-python.python-2021.11.1422169775/out/client/extension.js:9:151015)
	at S.handleFailedRequest (/home/pi/.vscode/extensions/ms-python.python-2021.11.1422169775/out/client/extension.js:9:150866)
	at /home/pi/.vscode/extensions/ms-python.python-2021.11.1422169775/out/client/extension.js:9:114800
	at async v.provideDocumentHighlights (/usr/share/code/resources/app/out/vs/workbench/services/extensions/node/extensionHostProcess.js:94:171033)
[2021-11-21 19:46:22.627] [exthost] [error] [ms-python.python] provider FAILED
[2021-11-21 19:46:22.628] [exthost] [error] Canceled: Canceled
	at S.makeCancelError (/home/pi/.vscode/extensions/ms-python.python-2021.11.1422169775/out/client/extension.js:9:151015)
	at S.handleFailedRequest (/home/pi/.vscode/extensions/ms-python.python-2021.11.1422169775/out/client/extension.js:9:150866)
	at /home/pi/.vscode/extensions/ms-python.python-2021.11.1422169775/out/client/extension.js:9:114800
	at async v.provideDocumentHighlights (/usr/share/code/resources/app/out/vs/workbench/services/extensions/node/extensionHostProcess.js:94:171033)
[2021-11-21 19:46:55.498] [exthost] [error] [ms-python.python] provider FAILED
[2021-11-21 19:46:55.499] [exthost] [error] Canceled: Canceled
	at S.makeCancelError (/home/pi/.vscode/extensions/ms-python.python-2021.11.1422169775/out/client/extension.js:9:151015)
	at S.handleFailedRequest (/home/pi/.vscode/extensions/ms-python.python-2021.11.1422169775/out/client/extension.js:9:150866)
	at /home/pi/.vscode/extensions/ms-python.python-2021.11.1422169775/out/client/extension.js:9:111208
	at async s.provideHover (/usr/share/code/resources/app/out/vs/workbench/services/extensions/node/extensionHostProcess.js:94:170095)
[2021-11-21 19:47:02.745] [exthost] [error] [ms-python.python] provider FAILED
[2021-11-21 19:47:02.747] [exthost] [error] Canceled: Canceled
	at S.makeCancelError (/home/pi/.vscode/extensions/ms-python.python-2021.11.1422169775/out/client/extension.js:9:151015)
	at S.handleFailedRequest (/home/pi/.vscode/extensions/ms-python.python-2021.11.1422169775/out/client/extension.js:9:150866)
	at /home/pi/.vscode/extensions/ms-python.python-2021.11.1422169775/out/client/extension.js:9:118727
	at async T.provideCodeActions (/usr/share/code/resources/app/out/vs/workbench/services/extensions/node/extensionHostProcess.js:94:172403)
[2021-11-21 19:49:54.350] [exthost] [error] [ms-python.python] provider FAILED
[2021-11-21 19:49:54.351] [exthost] [error] Canceled: Canceled
	at S.makeCancelError (/home/pi/.vscode/extensions/ms-python.python-2021.11.1422169775/out/client/extension.js:9:151015)
	at S.handleFailedRequest (/home/pi/.vscode/extensions/ms-python.python-2021.11.1422169775/out/client/extension.js:9:150866)
	at /home/pi/.vscode/extensions/ms-python.python-2021.11.1422169775/out/client/extension.js:9:111208
	at async s.provideHover (/usr/share/code/resources/app/out/vs/workbench/services/extensions/node/extensionHostProcess.js:94:170095)
[2021-11-21 19:50:25.234] [exthost] [error] [ms-python.python] provider FAILED
[2021-11-21 19:50:25.234] [exthost] [error] TypeError: Cannot read property 'length' of undefined
	at /home/pi/.vscode/extensions/ms-python.python-2021.11.1422169775/out/client/extension.js:52:353150
	at h (/home/pi/.vscode/extensions/ms-python.python-2021.11.1422169775/out/client/extension.js:52:358146)
	at async U.provideCompletionItems (/usr/share/code/resources/app/out/vs/workbench/services/extensions/node/extensionHostProcess.js:94:180703)
[2021-11-21 19:50:26.131] [exthost] [error] [ms-python.python] provider FAILED
[2021-11-21 19:50:26.131] [exthost] [error] Canceled: Canceled
	at S.makeCancelError (/home/pi/.vscode/extensions/ms-python.python-2021.11.1422169775/out/client/extension.js:9:151015)
	at S.handleFailedRequest (/home/pi/.vscode/extensions/ms-python.python-2021.11.1422169775/out/client/extension.js:9:150866)
	at /home/pi/.vscode/extensions/ms-python.python-2021.11.1422169775/out/client/extension.js:9:118727
	at async T.provideCodeActions (/usr/share/code/resources/app/out/vs/workbench/services/extensions/node/extensionHostProcess.js:94:172403)
[2021-11-21 19:50:29.239] [exthost] [error] [ms-python.python] provider FAILED
[2021-11-21 19:50:29.240] [exthost] [error] Canceled: Canceled
	at S.makeCancelError (/home/pi/.vscode/extensions/ms-python.python-2021.11.1422169775/out/client/extension.js:9:151015)
	at S.handleFailedRequest (/home/pi/.vscode/extensions/ms-python.python-2021.11.1422169775/out/client/extension.js:9:150866)
	at /home/pi/.vscode/extensions/ms-python.python-2021.11.1422169775/out/client/extension.js:9:111208
	at async s.provideHover (/usr/share/code/resources/app/out/vs/workbench/services/extensions/node/extensionHostProcess.js:94:170095)
[2021-11-21 19:52:13.692] [exthost] [error] [ms-python.python] provider FAILED
[2021-11-21 19:52:13.693] [exthost] [error] Canceled: Canceled
	at S.makeCancelError (/home/pi/.vscode/extensions/ms-python.python-2021.11.1422169775/out/client/extension.js:9:151015)
	at S.handleFailedRequest (/home/pi/.vscode/extensions/ms-python.python-2021.11.1422169775/out/client/extension.js:9:150866)
	at /home/pi/.vscode/extensions/ms-python.python-2021.11.1422169775/out/client/extension.js:9:111208
	at async s.provideHover (/usr/share/code/resources/app/out/vs/workbench/services/extensions/node/extensionHostProcess.js:94:170095)
[2021-11-21 19:52:36.548] [exthost] [error] [ms-python.python] provider FAILED
[2021-11-21 19:52:36.548] [exthost] [error] Canceled: Canceled
	at S.makeCancelError (/home/pi/.vscode/extensions/ms-python.python-2021.11.1422169775/out/client/extension.js:9:151015)
	at S.handleFailedRequest (/home/pi/.vscode/extensions/ms-python.python-2021.11.1422169775/out/client/extension.js:9:150866)
	at /home/pi/.vscode/extensions/ms-python.python-2021.11.1422169775/out/client/extension.js:9:114800
	at async v.provideDocumentHighlights (/usr/share/code/resources/app/out/vs/workbench/services/extensions/node/extensionHostProcess.js:94:171033)
[2021-11-21 19:52:36.555] [exthost] [error] [ms-python.python] provider FAILED
[2021-11-21 19:52:36.555] [exthost] [error] Canceled: Canceled
	at S.makeCancelError (/home/pi/.vscode/extensions/ms-python.python-2021.11.1422169775/out/client/extension.js:9:151015)
	at S.handleFailedRequest (/home/pi/.vscode/extensions/ms-python.python-2021.11.1422169775/out/client/extension.js:9:150866)
	at /home/pi/.vscode/extensions/ms-python.python-2021.11.1422169775/out/client/extension.js:9:114800
	at async v.provideDocumentHighlights (/usr/share/code/resources/app/out/vs/workbench/services/extensions/node/extensionHostProcess.js:94:171033)
[2021-11-21 19:52:36.716] [exthost] [error] [ms-python.python] provider FAILED
[2021-11-21 19:52:36.717] [exthost] [error] Canceled: Canceled
	at S.makeCancelError (/home/pi/.vscode/extensions/ms-python.python-2021.11.1422169775/out/client/extension.js:9:151015)
	at S.handleFailedRequest (/home/pi/.vscode/extensions/ms-python.python-2021.11.1422169775/out/client/extension.js:9:150866)
	at /home/pi/.vscode/extensions/ms-python.python-2021.11.1422169775/out/client/extension.js:9:114800
	at async v.provideDocumentHighlights (/usr/share/code/resources/app/out/vs/workbench/services/extensions/node/extensionHostProcess.js:94:171033)
[2021-11-21 19:52:36.732] [exthost] [error] [ms-python.python] provider FAILED
[2021-11-21 19:52:36.732] [exthost] [error] Canceled: Canceled
	at S.makeCancelError (/home/pi/.vscode/extensions/ms-python.python-2021.11.1422169775/out/client/extension.js:9:151015)
	at S.handleFailedRequest (/home/pi/.vscode/extensions/ms-python.python-2021.11.1422169775/out/client/extension.js:9:150866)
	at /home/pi/.vscode/extensions/ms-python.python-2021.11.1422169775/out/client/extension.js:9:114800
	at async v.provideDocumentHighlights (/usr/share/code/resources/app/out/vs/workbench/services/extensions/node/extensionHostProcess.js:94:171033)
[2021-11-21 19:52:36.736] [exthost] [error] [ms-python.python] provider FAILED
[2021-11-21 19:52:36.736] [exthost] [error] Canceled: Canceled
	at S.makeCancelError (/home/pi/.vscode/extensions/ms-python.python-2021.11.1422169775/out/client/extension.js:9:151015)
	at S.handleFailedRequest (/home/pi/.vscode/extensions/ms-python.python-2021.11.1422169775/out/client/extension.js:9:150866)
	at /home/pi/.vscode/extensions/ms-python.python-2021.11.1422169775/out/client/extension.js:9:114800
	at async v.provideDocumentHighlights (/usr/share/code/resources/app/out/vs/workbench/services/extensions/node/extensionHostProcess.js:94:171033)
[2021-11-21 19:52:36.792] [exthost] [error] [ms-python.python] provider FAILED
[2021-11-21 19:52:36.792] [exthost] [error] Canceled: Canceled
	at S.makeCancelError (/home/pi/.vscode/extensions/ms-python.python-2021.11.1422169775/out/client/extension.js:9:151015)
	at S.handleFailedRequest (/home/pi/.vscode/extensions/ms-python.python-2021.11.1422169775/out/client/extension.js:9:150866)
	at /home/pi/.vscode/extensions/ms-python.python-2021.11.1422169775/out/client/extension.js:9:114800
	at async v.provideDocumentHighlights (/usr/share/code/resources/app/out/vs/workbench/services/extensions/node/extensionHostProcess.js:94:171033)
[2021-11-21 19:52:36.935] [exthost] [error] [ms-python.python] provider FAILED
[2021-11-21 19:52:36.935] [exthost] [error] Canceled: Canceled
	at S.makeCancelError (/home/pi/.vscode/extensions/ms-python.python-2021.11.1422169775/out/client/extension.js:9:151015)
	at S.handleFailedRequest (/home/pi/.vscode/extensions/ms-python.python-2021.11.1422169775/out/client/extension.js:9:150866)
	at /home/pi/.vscode/extensions/ms-python.python-2021.11.1422169775/out/client/extension.js:9:114800
	at async v.provideDocumentHighlights (/usr/share/code/resources/app/out/vs/workbench/services/extensions/node/extensionHostProcess.js:94:171033)
[2021-11-21 19:52:38.241] [exthost] [error] [ms-python.python] provider FAILED
[2021-11-21 19:52:38.242] [exthost] [error] Canceled: Canceled
	at S.makeCancelError (/home/pi/.vscode/extensions/ms-python.python-2021.11.1422169775/out/client/extension.js:9:151015)
	at S.handleFailedRequest (/home/pi/.vscode/extensions/ms-python.python-2021.11.1422169775/out/client/extension.js:9:150866)
	at /home/pi/.vscode/extensions/ms-python.python-2021.11.1422169775/out/client/extension.js:9:114800
	at async v.provideDocumentHighlights (/usr/share/code/resources/app/out/vs/workbench/services/extensions/node/extensionHostProcess.js:94:171033)
[2021-11-21 19:52:38.446] [exthost] [error] [ms-python.python] provider FAILED
[2021-11-21 19:52:38.446] [exthost] [error] Canceled: Canceled
	at S.makeCancelError (/home/pi/.vscode/extensions/ms-python.python-2021.11.1422169775/out/client/extension.js:9:151015)
	at S.handleFailedRequest (/home/pi/.vscode/extensions/ms-python.python-2021.11.1422169775/out/client/extension.js:9:150866)
	at /home/pi/.vscode/extensions/ms-python.python-2021.11.1422169775/out/client/extension.js:9:114800
	at async v.provideDocumentHighlights (/usr/share/code/resources/app/out/vs/workbench/services/extensions/node/extensionHostProcess.js:94:171033)
[2021-11-21 19:52:45.794] [exthost] [error] [ms-python.python] provider FAILED
[2021-11-21 19:52:45.795] [exthost] [error] Canceled: Canceled
	at S.makeCancelError (/home/pi/.vscode/extensions/ms-python.python-2021.11.1422169775/out/client/extension.js:9:151015)
	at S.handleFailedRequest (/home/pi/.vscode/extensions/ms-python.python-2021.11.1422169775/out/client/extension.js:9:150866)
	at /home/pi/.vscode/extensions/ms-python.python-2021.11.1422169775/out/client/extension.js:9:118727
	at async T.provideCodeActions (/usr/share/code/resources/app/out/vs/workbench/services/extensions/node/extensionHostProcess.js:94:172403)
[2021-11-21 20:06:14.994] [exthost] [error] [ms-python.python] provider FAILED
[2021-11-21 20:06:14.995] [exthost] [error] Canceled: Canceled
	at S.makeCancelError (/home/pi/.vscode/extensions/ms-python.python-2021.11.1422169775/out/client/extension.js:9:151015)
	at S.handleFailedRequest (/home/pi/.vscode/extensions/ms-python.python-2021.11.1422169775/out/client/extension.js:9:150866)
	at /home/pi/.vscode/extensions/ms-python.python-2021.11.1422169775/out/client/extension.js:9:111208
	at async s.provideHover (/usr/share/code/resources/app/out/vs/workbench/services/extensions/node/extensionHostProcess.js:94:170095)
[2021-11-21 20:09:08.974] [exthost] [error] [ms-python.python] provider FAILED
[2021-11-21 20:09:08.975] [exthost] [error] Canceled: Canceled
	at S.makeCancelError (/home/pi/.vscode/extensions/ms-python.python-2021.11.1422169775/out/client/extension.js:9:151015)
	at S.handleFailedRequest (/home/pi/.vscode/extensions/ms-python.python-2021.11.1422169775/out/client/extension.js:9:150866)
	at /home/pi/.vscode/extensions/ms-python.python-2021.11.1422169775/out/client/extension.js:9:111208
	at async s.provideHover (/usr/share/code/resources/app/out/vs/workbench/services/extensions/node/extensionHostProcess.js:94:170095)
[2021-11-21 20:09:36.804] [exthost] [error] [ms-python.python] provider FAILED
[2021-11-21 20:09:36.804] [exthost] [error] Canceled: Canceled
	at S.makeCancelError (/home/pi/.vscode/extensions/ms-python.python-2021.11.1422169775/out/client/extension.js:9:151015)
	at S.handleFailedRequest (/home/pi/.vscode/extensions/ms-python.python-2021.11.1422169775/out/client/extension.js:9:150866)
	at /home/pi/.vscode/extensions/ms-python.python-2021.11.1422169775/out/client/extension.js:9:118727
	at async T.provideCodeActions (/usr/share/code/resources/app/out/vs/workbench/services/extensions/node/extensionHostProcess.js:94:172403)
[2021-11-21 20:09:52.896] [exthost] [error] [ms-python.python] provider FAILED
[2021-11-21 20:09:52.896] [exthost] [error] Canceled: Canceled
	at S.makeCancelError (/home/pi/.vscode/extensions/ms-python.python-2021.11.1422169775/out/client/extension.js:9:151015)
	at S.handleFailedRequest (/home/pi/.vscode/extensions/ms-python.python-2021.11.1422169775/out/client/extension.js:9:150866)
	at /home/pi/.vscode/extensions/ms-python.python-2021.11.1422169775/out/client/extension.js:9:111208
	at async s.provideHover (/usr/share/code/resources/app/out/vs/workbench/services/extensions/node/extensionHostProcess.js:94:170095)
