** Message: 10:31:22.969: environement.vala:58: Exporting primary_variable
** Message: 10:31:22.969: environement.vala:59: desktop_environnement XDG_CURRENT_DESKTOP
** Message: 10:31:22.969: environement.vala:150: confir_dirs is null, export : /etc/xdg
** Message: 10:31:22.969: environement.vala:184: Exporting XDG_CONFIG_DIRS
** Message: 10:31:22.969: environement.vala:218: custom_data :
** Message: 10:31:22.969: environement.vala:219: data_dirs :/usr/share/fkms:/usr/local/share:/usr/share/raspi-ui-overrides:/usr/share:/usr/share/gdm:/var/lib/menu-xdg
** Message: 10:31:22.969: environement.vala:220: data_dirs not null, export : /usr/share/fkms:/usr/local/share:/usr/share/raspi-ui-overrides:/usr/share:/usr/share/gdm:/var/lib/menu-xdg
** Message: 10:31:22.969: environement.vala:225: Exporting XDG_DATA_DIRS
** Message: 10:31:22.969: utils.vala:138: Config system location : /etc/xdg/lxsession/LXDE-pi
** Message: 10:31:22.970: utils.vala:144: System system path location : /etc/xdg/lxsession/LXDE-pi/desktop.conf
** Message: 10:31:22.970: utils.vala:148: Final file used : /etc/xdg/lxsession/LXDE-pi/desktop.conf
** Message: 10:31:22.970: utils.vala:39: Config system location : /etc/xdg/lxsession/LXDE-pi
** Message: 10:31:22.970: utils.vala:45: System system path location : /etc/xdg/lxsession/LXDE-pi/desktop.conf

** (lxsession:987): WARNING **: 10:31:22.971: utils.vala:70: 그런 파일이나 디렉터리가 없습니다
** Message: 10:31:22.972: settings.vala:540: 키 파일에 있는 “GTK” 그룹의 “iGtk/ColorScheme” 키가 없습니다
** Message: 10:31:22.972: settings.vala:540: 키 파일에 있는 “Session” 그룹의 “windows_manager/command” 키가 없습니다
** Message: 10:31:22.972: settings.vala:540: 키 파일에 있는 “Session” 그룹의 “panel/command” 키가 없습니다
** Message: 10:31:22.972: settings.vala:540: 키 파일에 있는 “Session” 그룹의 “dock/command” 키가 없습니다
** Message: 10:31:22.972: settings.vala:540: 키 파일에 있는 “Session” 그룹의 “file_manager/command” 키가 없습니다
** Message: 10:31:22.972: settings.vala:540: 키 파일에 있는 “Session” 그룹의 “desktop_manager/command” 키가 없습니다
** Message: 10:31:22.972: settings.vala:540: 키 파일에 있는 “Session” 그룹의 “launcher_manager/autostart” 키가 없습니다
** Message: 10:31:22.972: settings.vala:540: 키 파일에 있는 “Session” 그룹의 “composite_manager/command” 키가 없습니다
** Message: 10:31:22.972: settings.vala:540: 키 파일에 있는 “Session” 그룹의 “im1/command” 키가 없습니다
** Message: 10:31:22.972: settings.vala:540: 키 파일에 있는 “Session” 그룹의 “im2/command” 키가 없습니다
** Message: 10:31:22.972: settings.vala:540: 키 파일에 있는 “Session” 그룹의 “widget1/command” 키가 없습니다
** Message: 10:31:22.972: settings.vala:540: 키 파일에 있는 “Session” 그룹의 “notification/command” 키가 없습니다
** Message: 10:31:22.972: settings.vala:540: 키 파일에 있는 “Session” 그룹의 “keybindings/command” 키가 없습니다
** Message: 10:31:22.972: settings.vala:540: 키 파일에 있는 “Session” 그룹의 “im_manager/command” 키가 없습니다
** Message: 10:31:22.972: settings.vala:540: 키 파일에 있는 “Session” 그룹의 “screensaver/command” 키가 없습니다
** Message: 10:31:22.972: settings.vala:540: 키 파일에 있는 “Session” 그룹의 “power_manager/command” 키가 없습니다
** Message: 10:31:22.972: settings.vala:540: 키 파일에 있는 “Session” 그룹의 “audio_manager/command” 키가 없습니다
** Message: 10:31:22.972: settings.vala:540: 키 파일에 있는 “Session” 그룹의 “workspace_manager/command” 키가 없습니다
** Message: 10:31:22.972: settings.vala:540: 키 파일에 있는 “Session” 그룹의 “screenshot_manager/command” 키가 없습니다
** Message: 10:31:22.973: settings.vala:540: 키 파일에 있는 “Session” 그룹의 “message_manager/command” 키가 없습니다
** Message: 10:31:22.973: settings.vala:540: 키 파일에 있는 “Session” 그룹의 “upgrade_manager/command” 키가 없습니다
** Message: 10:31:22.973: settings.vala:540: 키 파일에 있는 “Session” 그룹의 “updates_manager/command” 키가 없습니다
** Message: 10:31:22.973: settings.vala:540: 키 파일에 있는 “Session” 그룹의 “updates_manager/timeout” 키가 없습니다
** Message: 10:31:22.973: settings.vala:540: 키 파일에 있는 “Session” 그룹의 “crash_manager/command” 키가 없습니다
** Message: 10:31:22.973: settings.vala:540: 키 파일에 있는 “Session” 그룹의 “crash_manager/dev_mode” 키가 없습니다
** Message: 10:31:22.973: settings.vala:540: 키 파일에 있는 “Session” 그룹의 “crash_manager/timeout” 키가 없습니다
** Message: 10:31:22.973: settings.vala:540: 키 파일에 있는 “Session” 그룹의 “upstart_user_session” 키가 없습니다
** Message: 10:31:22.973: settings.vala:540: 키 파일에 있는 “Session” 그룹의 “proxy_manager/http” 키가 없습니다
** Message: 10:31:22.973: settings.vala:540: 키 파일에 있는 “Session” 그룹의 “a11y/command” 키가 없습니다
** Message: 10:31:22.973: settings.vala:540: 키 파일에 있는 “Session” 그룹의 “xrandr/command” 키가 없습니다
** Message: 10:31:22.973: settings.vala:540: 키 파일에 있는 “Session” 그룹의 “network_gui/command” 키가 없습니다
** Message: 10:31:22.973: settings.vala:540: 키 파일에 있는 “Session” 그룹의 “webbrowser/command” 키가 없습니다
** Message: 10:31:22.973: settings.vala:540: 키 파일에 있는 “Session” 그룹의 “email/command” 키가 없습니다
** Message: 10:31:22.973: settings.vala:540: 키 파일에 있는 “Session” 그룹의 “pdf_reader/command” 키가 없습니다
** Message: 10:31:22.974: settings.vala:540: 키 파일에 있는 “Session” 그룹의 “video_player/command” 키가 없습니다
** Message: 10:31:22.974: settings.vala:540: 키 파일에 있는 “Session” 그룹의 “audio_player/command” 키가 없습니다
** Message: 10:31:22.974: settings.vala:540: 키 파일에 있는 “Session” 그룹의 “images_display/command” 키가 없습니다
** Message: 10:31:22.974: settings.vala:540: 키 파일에 있는 “Session” 그룹의 “text_editor/command” 키가 없습니다
** Message: 10:31:22.974: settings.vala:540: 키 파일에 있는 “Session” 그룹의 “archive/command” 키가 없습니다
** Message: 10:31:22.975: settings.vala:540: 키 파일에 있는 “Session” 그룹의 “charmap/command” 키가 없습니다
** Message: 10:31:22.975: settings.vala:540: 키 파일에 있는 “Session” 그룹의 “calculator/command” 키가 없습니다
** Message: 10:31:22.975: settings.vala:540: 키 파일에 있는 “Session” 그룹의 “spreadsheet/command” 키가 없습니다
** Message: 10:31:22.975: settings.vala:540: 키 파일에 있는 “Session” 그룹의 “bittorent/command” 키가 없습니다
** Message: 10:31:22.975: settings.vala:540: 키 파일에 있는 “Session” 그룹의 “document/command” 키가 없습니다
** Message: 10:31:22.975: settings.vala:540: 키 파일에 있는 “Session” 그룹의 “webcam/command” 키가 없습니다
** Message: 10:31:22.975: settings.vala:540: 키 파일에 있는 “Session” 그룹의 “burn/command” 키가 없습니다
** Message: 10:31:22.975: settings.vala:540: 키 파일에 있는 “Session” 그룹의 “notes/command” 키가 없습니다
** Message: 10:31:22.975: settings.vala:540: 키 파일에 있는 “Session” 그룹의 “disk_utility/command” 키가 없습니다
** Message: 10:31:22.975: settings.vala:540: 키 파일에 있는 “Session” 그룹의 “tasks/command” 키가 없습니다
** Message: 10:31:22.975: settings.vala:540: 키 파일에 “Keymap” 그룹이 없습니다
** Message: 10:31:22.975: settings.vala:540: 키 파일에 있는 “State” 그룹의 “laptop_mode” 키가 없습니다
** Message: 10:31:22.975: settings.vala:540: 키 파일에 있는 “Dbus” 그룹의 “gnome” 키가 없습니다
** Message: 10:31:22.975: settings.vala:540: 키 파일에 있는 “Environment” 그룹의 “type” 키가 없습니다
** Message: 10:31:22.975: settings.vala:540: 키 파일에 있는 “Environment” 그룹의 “ubuntu_menuproxy” 키가 없습니다
** Message: 10:31:22.975: settings.vala:540: 키 파일에 있는 “Environment” 그룹의 “toolkit_integration” 키가 없습니다
** Message: 10:31:22.975: settings.vala:540: 키 파일에 있는 “Environment” 그룹의 “gtk/overlay_scrollbar_disable” 키가 없습니다
** Message: 10:31:22.976: settings.vala:540: 키 파일에 있는 “Environment” 그룹의 “qt/force_theme” 키가 없습니다
** Message: 10:31:22.976: settings.vala:540: 키 파일에 있는 “Environment” 그룹의 “qt/platform” 키가 없습니다
** Message: 10:31:22.976: settings.vala:462: Monitoring: /etc/xdg/lxsession/LXDE-pi/desktop.conf
** Message: 10:31:22.976: settings.vala:470: Desktop file is not in config home, monitoring creation of it
** Message: 10:31:22.976: settings.vala:485: Monitoring home path: /home/pi/.config/lxsession/LXDE-pi/desktop.conf
** Message: 10:31:22.976: environement.vala:79: Exporting variable
** Message: 10:31:22.976: environement.vala:80: desktop_environnement XDG_CURRENT_DESKTOP
** Message: 10:31:22.976: environement.vala:177: custom_config :
** Message: 10:31:22.976: environement.vala:178: config_dirs :/etc/xdg
** Message: 10:31:22.976: environement.vala:179: confir_dirs not null, export : /etc/xdg
** Message: 10:31:22.977: environement.vala:184: Exporting XDG_CONFIG_DIRS
** Message: 10:31:22.977: environement.vala:218: custom_data :
** Message: 10:31:22.977: environement.vala:219: data_dirs :/usr/share/fkms:/usr/local/share:/usr/share/raspi-ui-overrides:/usr/share:/usr/share/gdm:/var/lib/menu-xdg
** Message: 10:31:22.977: environement.vala:220: data_dirs not null, export : /usr/share/fkms:/usr/local/share:/usr/share/raspi-ui-overrides:/usr/share:/usr/share/gdm:/var/lib/menu-xdg
** Message: 10:31:22.977: environement.vala:225: Exporting XDG_DATA_DIRS
** Message: 10:31:22.977: utils.vala:39: Config system location : /etc/xdg/lxsession/LXDE-pi
** Message: 10:31:22.977: utils.vala:45: System system path location : /etc/xdg/lxsession/LXDE-pi/desktop.conf

** (lxsession:987): WARNING **: 10:31:22.977: utils.vala:70: 그런 파일이나 디렉터리가 없습니다
** Message: 10:31:22.977: environement.vala:254: No entry in [Environment_variable]. 키 파일에 “Environment_variable” 그룹이 없습니다
** Message: 10:31:22.983: utils.vala:138: Config system location : /etc/xdg/lxsession/LXDE-pi
** Message: 10:31:22.983: utils.vala:144: System system path location : /etc/xdg/lxsession/LXDE-pi/conffiles.conf
** Message: 10:31:22.983: utils.vala:148: Final file used : /etc/xdg/lxsession/LXDE-pi/conffiles.conf
** Message: 10:31:22.983: options.vala:164: Activate xsettings_manager build-in
** Message: 10:31:22.984: utils.vala:39: Config system location : /etc/xdg/lxsession/LXDE-pi
** Message: 10:31:22.984: utils.vala:45: System system path location : /etc/xdg/lxsession/LXDE-pi/desktop.conf

** (lxsession:987): WARNING **: 10:31:22.984: utils.vala:70: 그런 파일이나 디렉터리가 없습니다
xprop:  no such property "_NET_NUMBER_OF_DESKTOPS"
xprop:  no such property "_NET_DESKTOP_NAMES"
** Message: 10:31:23.013: app.vala:721: polkit separate
** Message: 10:31:23.014: app.vala:721: polkit separate
** Message: 10:31:23.024: app.vala:76: Launching lxpolkit 
** Message: 10:31:23.025: utils.vala:138: Config system location : /etc/xdg/lxsession/LXDE-pi
** Message: 10:31:23.025: utils.vala:144: System system path location : /etc/xdg/lxsession/LXDE-pi/autostart
** Message: 10:31:23.025: utils.vala:148: Final file used : /etc/xdg/lxsession/LXDE-pi/autostart
** Message: 10:31:23.025: autostart.vala:42: Autostart path : /etc/xdg/lxsession/LXDE-pi/autostart
** Message: 10:31:23.042: app.vala:76: Launching lxpanel 
** Message: 10:31:23.055: app.vala:76: Launching pcmanfm 

** (lxsession:987): WARNING **: 10:31:23.077: app.vala:86: 하위 프로세스 “xscreensaver”을(를) 실행하기 실패 (그런 파일이나 디렉터리가 없습니다)

** (lxsession:987): WARNING **: 10:31:23.077: app.vala:87: Error when launching xscreensaver
** Message: 10:31:23.088: options.vala:107: Create build-in Clipboard
** Message: 10:31:23.090: main.vala:441: Check keymap_mode (null)
** Message: 10:31:23.096: app.vala:76: Launching /usr/bin/ssh-agent 
SSH_AUTH_SOCK=/tmp/ssh-Sl02JcHM5bS2/agent.1131; export SSH_AUTH_SOCK;
SSH_AGENT_PID=1133; export SSH_AGENT_PID;
echo Agent pid 1133;
** Message: 10:31:23.281: app.vala:130: /usr/bin/ssh-agent exit with this type of exit: 0
** Message: 10:31:23.367: x-terminal-emulator has very limited support, consider choose another terminal
** Message: 10:31:23.368: x-terminal-emulator has very limited support, consider choose another terminal
grep: /home/pi/.config/lxpanel/LXDE-pi/panels/*: 그런 파일이나 디렉터리가 없습니다
Openbox-Message: Requested key "XF86AudioRaiseVolume" does not exist on the display
Openbox-Message: Requested key "XF86AudioLowerVolume" does not exist on the display
Openbox-Message: Requested key "XF86AudioMute" does not exist on the display
Openbox-Message: Unable to find a valid menu file "/usr/share/lxde/openbox/menu.xml"
Obt-Message: Failed to open an Input Method
Openbox-Message: Requested key "XF86AudioRaiseVolume" does not exist on the display
Openbox-Message: Requested key "XF86AudioLowerVolume" does not exist on the display
Openbox-Message: Requested key "XF86AudioMute" does not exist on the display
Obt-Message: Failed to open an Input Method
Openbox-Message: Requested key "XF86AudioRaiseVolume" does not exist on the display
Openbox-Message: Requested key "XF86AudioLowerVolume" does not exist on the display
Openbox-Message: Requested key "XF86AudioMute" does not exist on the display
Openbox-Message: Requested key "XF86AudioRaiseVolume" does not exist on the display
Openbox-Message: Requested key "XF86AudioLowerVolume" does not exist on the display
Openbox-Message: Requested key "XF86AudioMute" does not exist on the display
** Message: 10:31:25.041: Connecting ...
** Message: 10:31:25.042: Status changed to down
Unit pt-device-manager.service could not be found.

** (lxpanel:1127): WARNING **: 10:31:25.259: Battery 0 not found
** Message: 10:31:26.044: Status changed to opened
** Message: 10:31:26.044: Connected to dhcpcd-8.1.2
** Message: 10:31:26.045: Status changed to connected
** Message: 10:31:26.045: eth0: Link is down
** Message: 10:31:26.046: wlan0: Associated with IoT_5GHz_2
** Message: 10:31:26.046: wlan0: Configured 192.168.1.208/24
** Message: 10:31:26.047: wlan0: WPA status connected
** Message: 10:31:26.047: wlan0: Received scan results
** Message: 10:32:29.015: wlan0: Received scan results
** Message: 10:33:29.028: wlan0: Received scan results
** Message: 10:34:29.034: wlan0: Received scan results
** Message: 10:35:29.070: wlan0: Received scan results
** Message: 10:36:29.039: wlan0: Received scan results
** Message: 10:37:28.993: wlan0: Received scan results
** Message: 10:38:29.050: wlan0: Received scan results
** Message: 10:39:29.005: wlan0: Received scan results
** Message: 10:40:29.007: wlan0: Received scan results
** Message: 10:41:29.017: wlan0: Received scan results

(lxterminal:1476): Gdk-WARNING **: 10:42:12.917: Event with type 8 not holding a GdkDevice. It is most likely synthesized outside Gdk/GTK+

(lxterminal:1476): Gdk-WARNING **: 10:42:12.918: Event with type 8 not holding a GdkDevice. It is most likely synthesized outside Gdk/GTK+

(lxterminal:1476): Gdk-WARNING **: 10:42:12.922: Event with type 8 not holding a GdkDevice. It is most likely synthesized outside Gdk/GTK+

(lxterminal:1476): Gdk-WARNING **: 10:42:12.922: Event with type 8 not holding a GdkDevice. It is most likely synthesized outside Gdk/GTK+
** Message: 10:42:29.022: wlan0: Received scan results
