Info 2021-12-08 12:11:42: Experimentation service retrieved: [object Object]
User belongs to experiment group 'jupyterTestcf'
User belongs to experiment group 'jupyterEnhancedDataViewer'
Info 2021-12-08 12:11:42: ZMQ install verified.
Info 2021-12-08 12:11:43: Experiment status for python is {"enabled":true,"optInto":[],"optOutFrom":[]}
Info 2021-12-08 12:11:45: Process Execution: > /bin/python3 -m pip list
> /bin/python3 -m pip list
Info 2021-12-08 12:11:45: Process Execution: > /bin/python3 -m pip list
> /bin/python3 -m pip list
Info 2021-12-08 12:11:45: Process Execution: > /bin/python3 -c "import jupyter"
> /bin/python3 -c "import jupyter"
Info 2021-12-08 12:11:45: Process Execution: > /bin/python3 -c "import jupyter"
> /bin/python3 -c "import jupyter"
Info 2021-12-08 12:11:45: Process Execution: > /bin/python3 -c "import notebook"
> /bin/python3 -c "import notebook"
Info 2021-12-08 12:11:45: Process Execution: > /bin/python3 -c "import notebook"
> /bin/python3 -c "import notebook"
Info 2021-12-08 15:33:50: Shutting down notebooks for e342f025-aa01-4366-91e8-fe662e5a7181
Info 2021-12-08 15:33:50: Disposing HostJupyterExecution 659450f1-c6fe-46b8-bb10-94999837d136
Info 2021-12-08 15:33:50: Disposing super HostJupyterExecution 659450f1-c6fe-46b8-bb10-94999837d136
Info 2021-12-08 15:33:50: Disposing HostJupyterExecution 659450f1-c6fe-46b8-bb10-94999837d136
Info 2021-12-08 15:33:50: Finished disposing HostJupyterExecution  659450f1-c6fe-46b8-bb10-94999837d136
Info 2021-12-08 15:33:50: Cleaning up server cache 659450f1-c6fe-46b8-bb10-94999837d136
Info 2021-12-08 15:33:50: Finished disposing HostJupyterExecution  659450f1-c6fe-46b8-bb10-94999837d136
