[Info  - 오후 2:51:14] Pylance language server 2021.11.1 (pyright 446a9bdb) starting
[Info  - 오후 2:51:14] Server root directory: /home/pi/.vscode/extensions/ms-python.vscode-pylance-2021.11.1/dist
[Info  - 오후 2:51:14] No configuration file found.
[Info  - 오후 2:51:14] No pyproject.toml file found.
[Info  - 오후 2:51:14] Setting pythonPath for service "gpio": "/bin/python3"
[Warn  - 오후 2:51:14] stubPath /home/pi/class/gpio/typings is not a valid directory.
[Info  - 오후 2:51:14] Assuming Python version 3.7
[Info  - 오후 2:51:14] Assuming Python platform Linux
[Warn  - 오후 2:51:16] Exception received when installing file system watcher: TypeError [ERR_FEATURE_UNAVAILABLE_ON_PLATFORM]: The feature watch recursively is unavailable on the current platform, which is being used to run Node.js
[Warn  - 오후 2:51:16] Exception received when installing file system watcher: TypeError [ERR_FEATURE_UNAVAILABLE_ON_PLATFORM]: The feature watch recursively is unavailable on the current platform, which is being used to run Node.js
[Warn  - 오후 2:51:16] Exception received when installing file system watcher: TypeError [ERR_FEATURE_UNAVAILABLE_ON_PLATFORM]: The feature watch recursively is unavailable on the current platform, which is being used to run Node.js
[Warn  - 오후 2:51:16] Exception received when installing file system watcher: TypeError [ERR_FEATURE_UNAVAILABLE_ON_PLATFORM]: The feature watch recursively is unavailable on the current platform, which is being used to run Node.js
[Warn  - 오후 2:51:16] Exception received when installing file system watcher: TypeError [ERR_FEATURE_UNAVAILABLE_ON_PLATFORM]: The feature watch recursively is unavailable on the current platform, which is being used to run Node.js
[Info  - 오후 2:51:16] Searching for source files
[Info  - 오후 2:51:16] Found 32 source files
[Info  - 오후 2:51:16] Background analysis(1) root directory: /home/pi/.vscode/extensions/ms-python.vscode-pylance-2021.11.1/dist
[Info  - 오후 2:51:16] Background analysis(1) started
[Info  - 오후 2:51:19] [BG(1)] Long operation: getSemanticTokens full at /home/pi/class/gpio/project1/morse_page.py (2206ms)
[Info  - 오후 3:00:17] Searching for source files
[Info  - 오후 3:00:17] Found 33 source files
[Info  - 오후 4:06:49] Searching for source files
[Info  - 오후 4:06:49] Found 34 source files
