[Info  - 03:11:44.282] Reading sessions from keychain...
[Info  - 03:11:44.343] Getting sessions for all scopes...
[Info  - 03:11:44.369] Getting sessions for all scopes...
[Error  - 03:11:44.369] Getting token failed: Error: The name org.freedesktop.secrets was not provided by any .service files
[Info  - 03:11:44.369] Got 0 sessions for all scopes...
[Info  - 03:11:44.369] Got 0 sessions for all scopes...
[Info  - 03:34:39.899] Getting sessions for repo,workflow...
[Info  - 03:34:39.899] Got 0 sessions for repo,workflow...
[Info  - 03:34:41.284] Logging in for the following scopes: repo workflow
[Trace  - 03:34:56.654] Handling Uri...
[Info  - 03:34:56.655] Exchanging code for token...
[Info  - 03:34:57.747] Token exchange success!
[Info  - 03:34:57.748] Getting user info...
[Info  - 03:34:58.177] Got account info!
[Info  - 03:34:58.178] Storing 1 sessions...
[Error  - 03:34:59.67] Setting token failed: Error: The name org.freedesktop.secrets was not provided by any .service files
[Info  - 03:35:44.801] Stored 1 sessions!
[Info  - 03:35:44.803] Login success!
[Info  - 03:35:44.837] Getting sessions for all scopes...
[Info  - 03:35:44.838] Got 1 sessions for all scopes...
[Info  - 03:35:47.104] Getting sessions for repo,workflow...
[Info  - 03:35:47.105] Got 1 sessions for repo,workflow...
[Info  - 03:35:57.814] Getting sessions for repo,workflow...
[Info  - 03:35:57.815] Got 1 sessions for repo,workflow...
[Info  - 03:36:42.798] Getting sessions for repo,workflow...
[Info  - 03:36:42.798] Got 1 sessions for repo,workflow...
[Info  - 03:37:13.141] Getting sessions for repo,workflow...
[Info  - 03:37:13.142] Got 1 sessions for repo,workflow...
